<?xml version="1.0" encoding="UTF-8"?>
<!-- Generated by org.testng.reporters.JUnitXMLReporter -->
<testsuite ignored="0" hostname="TTNPL-DeepanshuTyagi" failures="0" tests="4" name="Default test" time="0.745" errors="0" timestamp="2023-03-13T12:16:07 IST">
  <testcase classname="com.ttn.MSGP.testcases.GetEspDataTest" name="getEscData_Blank_P_PMC" time="0.0">
    <skipped/>
  </testcase> <!-- getEscData_Blank_P_PMC -->
  <testcase classname="com.ttn.MSGP.testcases.GetEspDataTest" name="getEscData_Invalid_P_PMC" time="0.0">
    <skipped/>
  </testcase> <!-- getEscData_Invalid_P_PMC -->
  <testcase classname="com.ttn.MSGP.testcases.GetEspDataTest" name="getEscData_Non_Existing_P_PMC" time="0.0">
    <skipped/>
  </testcase> <!-- getEscData_Non_Existing_P_PMC -->
  <testcase classname="com.ttn.MSGP.testcases.GetEspDataTest" name="getEscData_ValidInput" time="0.0">
    <skipped/>
  </testcase> <!-- getEscData_ValidInput -->
</testsuite> <!-- Default test -->
