<?xml version="1.0" encoding="UTF-8"?>
<testng-results ignored="76" total="253" passed="122" failed="55" skipped="0">
  <reporter-output>
  </reporter-output>
  <suite started-at="2023-03-16T14:06:51 IST" name="Suite" finished-at="2023-03-16T14:10:08 IST" duration-ms="197103">
    <groups>
      <group name="Sanity">
        <method signature="CityMasterTest.cityMaster_InvalidDate(java.util.Hashtable)[pri:0, instance:com.ttn.MSGA.testcases.CityMasterTest@3228d990]" name="cityMaster_InvalidDate" class="com.ttn.MSGA.testcases.CityMasterTest"/>
        <method signature="CityMasterTest.cityMaster_InvalidStatecode(java.util.Hashtable)[pri:0, instance:com.ttn.MSGA.testcases.CityMasterTest@3228d990]" name="cityMaster_InvalidStatecode" class="com.ttn.MSGA.testcases.CityMasterTest"/>
        <method signature="CityMasterTest.cityMaster_ValidInput(java.util.Hashtable)[pri:0, instance:com.ttn.MSGA.testcases.CityMasterTest@3228d990]" name="cityMaster_ValidInput" class="com.ttn.MSGA.testcases.CityMasterTest"/>
        <method signature="CityMasterTest.cityMaster_ValidStateCode(java.util.Hashtable)[pri:0, instance:com.ttn.MSGA.testcases.CityMasterTest@3228d990]" name="cityMaster_ValidStateCode" class="com.ttn.MSGA.testcases.CityMasterTest"/>
        <method signature="DealerDetailsTest.dealerDetails_Invalid_P_DATE(java.util.Hashtable)[pri:0, instance:com.ttn.MSGA.testcases.DealerDetailsTest@47d93e0d]" name="dealerDetails_Invalid_P_DATE" class="com.ttn.MSGA.testcases.DealerDetailsTest"/>
        <method signature="DealerDetailsTest.dealerDetails_Invalid_P_PMC(java.util.Hashtable)[pri:0, instance:com.ttn.MSGA.testcases.DealerDetailsTest@47d93e0d]" name="dealerDetails_Invalid_P_PMC" class="com.ttn.MSGA.testcases.DealerDetailsTest"/>
        <method signature="DealerDetailsTest.dealerDetails_ValidInput(java.util.Hashtable)[pri:0, instance:com.ttn.MSGA.testcases.DealerDetailsTest@47d93e0d]" name="dealerDetails_ValidInput" class="com.ttn.MSGA.testcases.DealerDetailsTest"/>
        <method signature="DealerDetailsTest.dealerDetails_valid_P_DATE(java.util.Hashtable)[pri:0, instance:com.ttn.MSGA.testcases.DealerDetailsTest@47d93e0d]" name="dealerDetails_valid_P_DATE" class="com.ttn.MSGA.testcases.DealerDetailsTest"/>
        <method signature="FetchDealerDetailsTest.fetchDealerDetails_Blank_P_mul_dealer_Cd(java.util.Hashtable)[pri:0, instance:com.ttn.MSGA.testcases.FetchDealerDetailsTest@88d6f9b]" name="fetchDealerDetails_Blank_P_mul_dealer_Cd" class="com.ttn.MSGA.testcases.FetchDealerDetailsTest"/>
        <method signature="FetchDealerDetailsTest.fetchDealerDetails_Blank_p_for_Cd(java.util.Hashtable)[pri:0, instance:com.ttn.MSGA.testcases.FetchDealerDetailsTest@88d6f9b]" name="fetchDealerDetails_Blank_p_for_Cd" class="com.ttn.MSGA.testcases.FetchDealerDetailsTest"/>
        <method signature="FetchDealerDetailsTest.fetchDealerDetails_Blank_p_pmc(java.util.Hashtable)[pri:0, instance:com.ttn.MSGA.testcases.FetchDealerDetailsTest@88d6f9b]" name="fetchDealerDetails_Blank_p_pmc" class="com.ttn.MSGA.testcases.FetchDealerDetailsTest"/>
        <method signature="FetchDealerDetailsTest.fetchDealerDetails_Invalid_P_mul_dealer_Cd(java.util.Hashtable)[pri:0, instance:com.ttn.MSGA.testcases.FetchDealerDetailsTest@88d6f9b]" name="fetchDealerDetails_Invalid_P_mul_dealer_Cd" class="com.ttn.MSGA.testcases.FetchDealerDetailsTest"/>
        <method signature="FetchDealerDetailsTest.fetchDealerDetails_Invalid_p_pmc(java.util.Hashtable)[pri:0, instance:com.ttn.MSGA.testcases.FetchDealerDetailsTest@88d6f9b]" name="fetchDealerDetails_Invalid_p_pmc" class="com.ttn.MSGA.testcases.FetchDealerDetailsTest"/>
        <method signature="FetchDealerDetailsTest.fetchDealerDetails_ValidInput(java.util.Hashtable)[pri:0, instance:com.ttn.MSGA.testcases.FetchDealerDetailsTest@88d6f9b]" name="fetchDealerDetails_ValidInput" class="com.ttn.MSGA.testcases.FetchDealerDetailsTest"/>
        <method signature="FetchDealerDetailsTest.fetchDealerDetails_p_for_Cd(java.util.Hashtable)[pri:0, instance:com.ttn.MSGA.testcases.FetchDealerDetailsTest@88d6f9b]" name="fetchDealerDetails_p_for_Cd" class="com.ttn.MSGA.testcases.FetchDealerDetailsTest"/>
        <method signature="GenPartSrvEnqTest.GenPartSrvEnq_Blank_P_DEALER_MAP_CD(java.util.Hashtable)[pri:0, instance:com.ttn.MSGP.testcases.GenPartSrvEnqTest@160c3ec1]" name="GenPartSrvEnq_Blank_P_DEALER_MAP_CD" class="com.ttn.MSGP.testcases.GenPartSrvEnqTest"/>
        <method signature="GenPartSrvEnqTest.GenPartSrvEnq_Blank_P_LOC_CD(java.util.Hashtable)[pri:0, instance:com.ttn.MSGP.testcases.GenPartSrvEnqTest@160c3ec1]" name="GenPartSrvEnq_Blank_P_LOC_CD" class="com.ttn.MSGP.testcases.GenPartSrvEnqTest"/>
        <method signature="GenPartSrvEnqTest.GenPartSrvEnq_Blank_P_PARENT_GROUP(java.util.Hashtable)[pri:0, instance:com.ttn.MSGP.testcases.GenPartSrvEnqTest@160c3ec1]" name="GenPartSrvEnq_Blank_P_PARENT_GROUP" class="com.ttn.MSGP.testcases.GenPartSrvEnqTest"/>
        <method signature="GenPartSrvEnqTest.GenPartSrvEnq_Blank_P_PHONE(java.util.Hashtable)[pri:0, instance:com.ttn.MSGP.testcases.GenPartSrvEnqTest@160c3ec1]" name="GenPartSrvEnq_Blank_P_PHONE" class="com.ttn.MSGP.testcases.GenPartSrvEnqTest"/>
        <method signature="GenPartSrvEnqTest.GenPartSrvEnq_Blank_P_REG_NUM(java.util.Hashtable)[pri:0, instance:com.ttn.MSGP.testcases.GenPartSrvEnqTest@160c3ec1]" name="GenPartSrvEnq_Blank_P_REG_NUM" class="com.ttn.MSGP.testcases.GenPartSrvEnqTest"/>
        <method signature="GenPartSrvEnqTest.GenPartSrvEnq_Blank_PartNumber(java.util.Hashtable)[pri:0, instance:com.ttn.MSGP.testcases.GenPartSrvEnqTest@160c3ec1]" name="GenPartSrvEnq_Blank_PartNumber" class="com.ttn.MSGP.testcases.GenPartSrvEnqTest"/>
        <method signature="GenPartSrvEnqTest.GenPartSrvEnq_Invalid_P_DEALER_MAP_CD(java.util.Hashtable)[pri:0, instance:com.ttn.MSGP.testcases.GenPartSrvEnqTest@160c3ec1]" name="GenPartSrvEnq_Invalid_P_DEALER_MAP_CD" class="com.ttn.MSGP.testcases.GenPartSrvEnqTest"/>
        <method signature="GenPartSrvEnqTest.GenPartSrvEnq_Invalid_P_LOC_CD(java.util.Hashtable)[pri:0, instance:com.ttn.MSGP.testcases.GenPartSrvEnqTest@160c3ec1]" name="GenPartSrvEnq_Invalid_P_LOC_CD" class="com.ttn.MSGP.testcases.GenPartSrvEnqTest"/>
        <method signature="GenPartSrvEnqTest.GenPartSrvEnq_Invalid_P_PARENT_GROUP(java.util.Hashtable)[pri:0, instance:com.ttn.MSGP.testcases.GenPartSrvEnqTest@160c3ec1]" name="GenPartSrvEnq_Invalid_P_PARENT_GROUP" class="com.ttn.MSGP.testcases.GenPartSrvEnqTest"/>
        <method signature="GenPartSrvEnqTest.GenPartSrvEnq_Invalid_PartNumber(java.util.Hashtable)[pri:0, instance:com.ttn.MSGP.testcases.GenPartSrvEnqTest@160c3ec1]" name="GenPartSrvEnq_Invalid_PartNumber" class="com.ttn.MSGP.testcases.GenPartSrvEnqTest"/>
        <method signature="GenPartSrvEnqTest.GenPartSrvEnq_ValidInput(java.util.Hashtable)[pri:0, instance:com.ttn.MSGP.testcases.GenPartSrvEnqTest@160c3ec1]" name="GenPartSrvEnq_ValidInput" class="com.ttn.MSGP.testcases.GenPartSrvEnqTest"/>
        <method signature="GenPartSrvEnqTest.GenPartSrvEnq_invalid_P_REG_NUM(java.util.Hashtable)[pri:0, instance:com.ttn.MSGP.testcases.GenPartSrvEnqTest@160c3ec1]" name="GenPartSrvEnq_invalid_P_REG_NUM" class="com.ttn.MSGP.testcases.GenPartSrvEnqTest"/>
        <method signature="GetAccEnquiryTest.getAccEnquiry_InvalidInput(java.util.Hashtable)[pri:0, instance:com.ttn.MSGA.testcases.GetAccEnquiryTest@255990cc]" name="getAccEnquiry_InvalidInput" class="com.ttn.MSGA.testcases.GetAccEnquiryTest"/>
        <method signature="GetAccEnquiryTest.getAccEnquiry_ValidInput(java.util.Hashtable)[pri:0, instance:com.ttn.MSGA.testcases.GetAccEnquiryTest@255990cc]" name="getAccEnquiry_ValidInput" class="com.ttn.MSGA.testcases.GetAccEnquiryTest"/>
        <method signature="GetAccOrdTest.getAccOrd_InvalidInput(java.util.Hashtable)[pri:0, instance:com.ttn.MSGA.testcases.GetAccOrdTest@51c929ae]" name="getAccOrd_InvalidInput" class="com.ttn.MSGA.testcases.GetAccOrdTest"/>
        <method signature="GetAccOrdTest.getAccOrd_ValidInput(java.util.Hashtable)[pri:0, instance:com.ttn.MSGA.testcases.GetAccOrdTest@51c929ae]" name="getAccOrd_ValidInput" class="com.ttn.MSGA.testcases.GetAccOrdTest"/>
        <method signature="GetCategoryMasterTest.getCategoryMaster_FutureDate(java.util.Hashtable)[pri:0, instance:com.ttn.MSGA.testcases.GetCategoryMasterTest@3c8bdd5b]" name="getCategoryMaster_FutureDate" class="com.ttn.MSGA.testcases.GetCategoryMasterTest"/>
        <method signature="GetCategoryMasterTest.getCategoryMaster_Invalid_DateFormat(java.util.Hashtable)[pri:0, instance:com.ttn.MSGA.testcases.GetCategoryMasterTest@3c8bdd5b]" name="getCategoryMaster_Invalid_DateFormat" class="com.ttn.MSGA.testcases.GetCategoryMasterTest"/>
        <method signature="GetCategoryMasterTest.getCategoryMaster_ValidInput(java.util.Hashtable)[pri:0, instance:com.ttn.MSGA.testcases.GetCategoryMasterTest@3c8bdd5b]" name="getCategoryMaster_ValidInput" class="com.ttn.MSGA.testcases.GetCategoryMasterTest"/>
        <method signature="GetCommmonMasterTest.getCommmonMaster_Blank_AuthToken(java.util.Hashtable)[pri:0, instance:com.ttn.MSGA.testcases.GetCommmonMasterTest@62c5bbdc]" name="getCommmonMaster_Blank_AuthToken" class="com.ttn.MSGA.testcases.GetCommmonMasterTest"/>
        <method signature="GetCommmonMasterTest.getCommmonMaster_Invalid_AuthToken(java.util.Hashtable)[pri:0, instance:com.ttn.MSGA.testcases.GetCommmonMasterTest@62c5bbdc]" name="getCommmonMaster_Invalid_AuthToken" class="com.ttn.MSGA.testcases.GetCommmonMasterTest"/>
        <method signature="GetCommmonMasterTest.getCommmonMaster_Invalid_Date(java.util.Hashtable)[pri:0, instance:com.ttn.MSGA.testcases.GetCommmonMasterTest@62c5bbdc]" name="getCommmonMaster_Invalid_Date" class="com.ttn.MSGA.testcases.GetCommmonMasterTest"/>
        <method signature="GetCommmonMasterTest.getCommmonMaster_ValidInput(java.util.Hashtable)[pri:0, instance:com.ttn.MSGA.testcases.GetCommmonMasterTest@62c5bbdc]" name="getCommmonMaster_ValidInput" class="com.ttn.MSGA.testcases.GetCommmonMasterTest"/>
        <method signature="GetEscDataAccTest.getEscDataAcc_Blank_PMC(java.util.Hashtable)[pri:0, instance:com.ttn.MSGA.testcases.GetEscDataAccTest@54e7391d]" name="getEscDataAcc_Blank_PMC" class="com.ttn.MSGA.testcases.GetEscDataAccTest"/>
        <method signature="GetEscDataAccTest.getEscDataAcc_Blank_P_LOC_CD(java.util.Hashtable)[pri:0, instance:com.ttn.MSGA.testcases.GetEscDataAccTest@54e7391d]" name="getEscDataAcc_Blank_P_LOC_CD" class="com.ttn.MSGA.testcases.GetEscDataAccTest"/>
        <method signature="GetEscDataAccTest.getEscDataAcc_Invalid_PMC(java.util.Hashtable)[pri:0, instance:com.ttn.MSGA.testcases.GetEscDataAccTest@54e7391d]" name="getEscDataAcc_Invalid_PMC" class="com.ttn.MSGA.testcases.GetEscDataAccTest"/>
        <method signature="GetEscDataAccTest.getEscDataAcc_ValidInput(java.util.Hashtable)[pri:0, instance:com.ttn.MSGA.testcases.GetEscDataAccTest@54e7391d]" name="getEscDataAcc_ValidInput" class="com.ttn.MSGA.testcases.GetEscDataAccTest"/>
        <method signature="GetEspDataTest.getEscData_Blank_P_PMC(java.util.Hashtable)[pri:0, instance:com.ttn.MSGP.testcases.GetEspDataTest@475b7792]" name="getEscData_Blank_P_PMC" class="com.ttn.MSGP.testcases.GetEspDataTest"/>
        <method signature="GetEspDataTest.getEscData_Invalid_P_DLR_CD(java.util.Hashtable)[pri:0, instance:com.ttn.MSGP.testcases.GetEspDataTest@475b7792]" name="getEscData_Invalid_P_DLR_CD" class="com.ttn.MSGP.testcases.GetEspDataTest"/>
        <method signature="GetEspDataTest.getEscData_Invalid_P_PMC(java.util.Hashtable)[pri:0, instance:com.ttn.MSGP.testcases.GetEspDataTest@475b7792]" name="getEscData_Invalid_P_PMC" class="com.ttn.MSGP.testcases.GetEspDataTest"/>
        <method signature="GetEspDataTest.getEscData_Non_Existing_P_PMC(java.util.Hashtable)[pri:0, instance:com.ttn.MSGP.testcases.GetEspDataTest@475b7792]" name="getEscData_Non_Existing_P_PMC" class="com.ttn.MSGP.testcases.GetEspDataTest"/>
        <method signature="GetEspDataTest.getEscData_ValidInput(java.util.Hashtable)[pri:0, instance:com.ttn.MSGP.testcases.GetEspDataTest@475b7792]" name="getEscData_ValidInput" class="com.ttn.MSGP.testcases.GetEspDataTest"/>
        <method signature="GetModelMasterTest.getModelMaster_InvalidInput(java.util.Hashtable)[pri:0, instance:com.ttn.MSGP.testcases.GetModelMasterTest@751e664e]" name="getModelMaster_InvalidInput" class="com.ttn.MSGP.testcases.GetModelMasterTest"/>
        <method signature="GetModelMasterTest.getModelMaster_ValidInput(java.util.Hashtable)[pri:0, instance:com.ttn.MSGP.testcases.GetModelMasterTest@751e664e]" name="getModelMaster_ValidInput" class="com.ttn.MSGP.testcases.GetModelMasterTest"/>
        <method signature="GetModelMasterTest.getModelMaster_futureDate(java.util.Hashtable)[pri:0, instance:com.ttn.MSGP.testcases.GetModelMasterTest@751e664e]" name="getModelMaster_futureDate" class="com.ttn.MSGP.testcases.GetModelMasterTest"/>
        <method signature="GetModelVarMappingTest.getModelVarMapping_FutureDate(java.util.Hashtable)[pri:0, instance:com.ttn.MSGA.testcases.GetModelVarMappingTest@58783f6c]" name="getModelVarMapping_FutureDate" class="com.ttn.MSGA.testcases.GetModelVarMappingTest"/>
        <method signature="GetModelVarMappingTest.getModelVarMapping_Invalid_DateFormat(java.util.Hashtable)[pri:0, instance:com.ttn.MSGA.testcases.GetModelVarMappingTest@58783f6c]" name="getModelVarMapping_Invalid_DateFormat" class="com.ttn.MSGA.testcases.GetModelVarMappingTest"/>
        <method signature="GetModelVarMappingTest.getModelVarMapping_ValidInput(java.util.Hashtable)[pri:0, instance:com.ttn.MSGA.testcases.GetModelVarMappingTest@58783f6c]" name="getModelVarMapping_ValidInput" class="com.ttn.MSGA.testcases.GetModelVarMappingTest"/>
        <method signature="GetOrdEnqLineStatusTest.getOrdEnqLineStatus_Blank_P_DEALER_MAP_CD(java.util.Hashtable)[pri:0, instance:com.ttn.MSGA.testcases.GetOrdEnqLineStatusTest@50b8ae8d]" name="getOrdEnqLineStatus_Blank_P_DEALER_MAP_CD" class="com.ttn.MSGA.testcases.GetOrdEnqLineStatusTest"/>
        <method signature="GetOrdEnqLineStatusTest.getOrdEnqLineStatus_Blank_P_ENQ_ORDER_NUM(java.util.Hashtable)[pri:0, instance:com.ttn.MSGA.testcases.GetOrdEnqLineStatusTest@50b8ae8d]" name="getOrdEnqLineStatus_Blank_P_ENQ_ORDER_NUM" class="com.ttn.MSGA.testcases.GetOrdEnqLineStatusTest"/>
        <method signature="GetOrdEnqLineStatusTest.getOrdEnqLineStatus_Blank_P_FLAG(java.util.Hashtable)[pri:0, instance:com.ttn.MSGA.testcases.GetOrdEnqLineStatusTest@50b8ae8d]" name="getOrdEnqLineStatus_Blank_P_FLAG" class="com.ttn.MSGA.testcases.GetOrdEnqLineStatusTest"/>
        <method signature="GetOrdEnqLineStatusTest.getOrdEnqLineStatus_Blank_P_LOC_CD(java.util.Hashtable)[pri:0, instance:com.ttn.MSGA.testcases.GetOrdEnqLineStatusTest@50b8ae8d]" name="getOrdEnqLineStatus_Blank_P_LOC_CD" class="com.ttn.MSGA.testcases.GetOrdEnqLineStatusTest"/>
        <method signature="GetOrdEnqLineStatusTest.getOrdEnqLineStatus_Blank_P_PARENT_GROUP(java.util.Hashtable)[pri:0, instance:com.ttn.MSGA.testcases.GetOrdEnqLineStatusTest@50b8ae8d]" name="getOrdEnqLineStatus_Blank_P_PARENT_GROUP" class="com.ttn.MSGA.testcases.GetOrdEnqLineStatusTest"/>
        <method signature="GetOrdEnqLineStatusTest.getOrdEnqLineStatus_Invalid_P_DEALER_MAP_CD(java.util.Hashtable)[pri:0, instance:com.ttn.MSGA.testcases.GetOrdEnqLineStatusTest@50b8ae8d]" name="getOrdEnqLineStatus_Invalid_P_DEALER_MAP_CD" class="com.ttn.MSGA.testcases.GetOrdEnqLineStatusTest"/>
        <method signature="GetOrdEnqLineStatusTest.getOrdEnqLineStatus_Invalid_P_ENQ_ORDER_NUM(java.util.Hashtable)[pri:0, instance:com.ttn.MSGA.testcases.GetOrdEnqLineStatusTest@50b8ae8d]" name="getOrdEnqLineStatus_Invalid_P_ENQ_ORDER_NUM" class="com.ttn.MSGA.testcases.GetOrdEnqLineStatusTest"/>
        <method signature="GetOrdEnqLineStatusTest.getOrdEnqLineStatus_Invalid_P_FLAG(java.util.Hashtable)[pri:0, instance:com.ttn.MSGA.testcases.GetOrdEnqLineStatusTest@50b8ae8d]" name="getOrdEnqLineStatus_Invalid_P_FLAG" class="com.ttn.MSGA.testcases.GetOrdEnqLineStatusTest"/>
        <method signature="GetOrdEnqLineStatusTest.getOrdEnqLineStatus_Invalid_P_LOC_CD(java.util.Hashtable)[pri:0, instance:com.ttn.MSGA.testcases.GetOrdEnqLineStatusTest@50b8ae8d]" name="getOrdEnqLineStatus_Invalid_P_LOC_CD" class="com.ttn.MSGA.testcases.GetOrdEnqLineStatusTest"/>
        <method signature="GetOrdEnqLineStatusTest.getOrdEnqLineStatus_Invalid_P_PARENT_GROUP(java.util.Hashtable)[pri:0, instance:com.ttn.MSGA.testcases.GetOrdEnqLineStatusTest@50b8ae8d]" name="getOrdEnqLineStatus_Invalid_P_PARENT_GROUP" class="com.ttn.MSGA.testcases.GetOrdEnqLineStatusTest"/>
        <method signature="GetOrdEnqLineStatusTest.getOrdEnqLineStatus_ValidInput(java.util.Hashtable)[pri:0, instance:com.ttn.MSGA.testcases.GetOrdEnqLineStatusTest@50b8ae8d]" name="getOrdEnqLineStatus_ValidInput" class="com.ttn.MSGA.testcases.GetOrdEnqLineStatusTest"/>
        <method signature="GetPartMasterTest.getPartMaster_FutureDate(java.util.Hashtable)[pri:0, instance:com.ttn.MSGA.testcases.GetPartMasterTest@40e4ea87]" name="getPartMaster_FutureDate" class="com.ttn.MSGA.testcases.GetPartMasterTest"/>
        <method signature="GetPartMasterTest.getPartMaster_Invalid_DateFormat(java.util.Hashtable)[pri:0, instance:com.ttn.MSGA.testcases.GetPartMasterTest@40e4ea87]" name="getPartMaster_Invalid_DateFormat" class="com.ttn.MSGA.testcases.GetPartMasterTest"/>
        <method signature="GetPartMasterTest.getPartMaster_ValidInput(java.util.Hashtable)[pri:0, instance:com.ttn.MSGA.testcases.GetPartMasterTest@40e4ea87]" name="getPartMaster_ValidInput" class="com.ttn.MSGA.testcases.GetPartMasterTest"/>
        <method signature="GetPartModelMappingTest.getPartModelMapping_FutureDate(java.util.Hashtable)[pri:0, instance:com.ttn.MSGA.testcases.GetPartModelMappingTest@3a7b503d]" name="getPartModelMapping_FutureDate" class="com.ttn.MSGA.testcases.GetPartModelMappingTest"/>
        <method signature="GetPartModelMappingTest.getPartModelMapping_Invalid_DateFormat(java.util.Hashtable)[pri:0, instance:com.ttn.MSGA.testcases.GetPartModelMappingTest@3a7b503d]" name="getPartModelMapping_Invalid_DateFormat" class="com.ttn.MSGA.testcases.GetPartModelMappingTest"/>
        <method signature="GetPartModelMappingTest.getPartModelMapping_ValidInput(java.util.Hashtable)[pri:0, instance:com.ttn.MSGA.testcases.GetPartModelMappingTest@3a7b503d]" name="getPartModelMapping_ValidInput" class="com.ttn.MSGA.testcases.GetPartModelMappingTest"/>
        <method signature="GetSubCategoryMasterTest.getSubCategoryMaster_FutureDate(java.util.Hashtable)[pri:0, instance:com.ttn.MSGA.testcases.GetSubCategoryMasterTest@29d2d081]" name="getSubCategoryMaster_FutureDate" class="com.ttn.MSGA.testcases.GetSubCategoryMasterTest"/>
        <method signature="GetSubCategoryMasterTest.getSubCategoryMaster_Invalid_DateFormat(java.util.Hashtable)[pri:0, instance:com.ttn.MSGA.testcases.GetSubCategoryMasterTest@29d2d081]" name="getSubCategoryMaster_Invalid_DateFormat" class="com.ttn.MSGA.testcases.GetSubCategoryMasterTest"/>
        <method signature="GetSubCategoryMasterTest.getSubCategoryMaster_ValidInput(java.util.Hashtable)[pri:0, instance:com.ttn.MSGA.testcases.GetSubCategoryMasterTest@29d2d081]" name="getSubCategoryMaster_ValidInput" class="com.ttn.MSGA.testcases.GetSubCategoryMasterTest"/>
        <method signature="InsertAccEnquiryTest.insertAccEnquiry_Blank_P_APPOINT_TIME(java.util.Hashtable)[pri:0, instance:com.ttn.MSGA.testcases.InsertAccEnquiryTest@7bdf6bb7]" name="insertAccEnquiry_Blank_P_APPOINT_TIME" class="com.ttn.MSGA.testcases.InsertAccEnquiryTest"/>
        <method signature="InsertAccEnquiryTest.insertAccEnquiry_Blank_P_APPOINT_TIME(java.util.Hashtable)[pri:0, instance:com.ttn.MSGP.testcases.InsertAccEnquiryTest@182b435b]" name="insertAccEnquiry_Blank_P_APPOINT_TIME" class="com.ttn.MSGP.testcases.InsertAccEnquiryTest"/>
        <method signature="InsertAccEnquiryTest.insertAccEnquiry_Blank_P_CUST_FNAME(java.util.Hashtable)[pri:0, instance:com.ttn.MSGA.testcases.InsertAccEnquiryTest@7bdf6bb7]" name="insertAccEnquiry_Blank_P_CUST_FNAME" class="com.ttn.MSGA.testcases.InsertAccEnquiryTest"/>
        <method signature="InsertAccEnquiryTest.insertAccEnquiry_Blank_P_CUST_FNAME(java.util.Hashtable)[pri:0, instance:com.ttn.MSGP.testcases.InsertAccEnquiryTest@182b435b]" name="insertAccEnquiry_Blank_P_CUST_FNAME" class="com.ttn.MSGP.testcases.InsertAccEnquiryTest"/>
        <method signature="InsertAccEnquiryTest.insertAccEnquiry_Blank_P_DEALER_MAP_CD(java.util.Hashtable)[pri:0, instance:com.ttn.MSGA.testcases.InsertAccEnquiryTest@7bdf6bb7]" name="insertAccEnquiry_Blank_P_DEALER_MAP_CD" class="com.ttn.MSGA.testcases.InsertAccEnquiryTest"/>
        <method signature="InsertAccEnquiryTest.insertAccEnquiry_Blank_P_DEALER_MAP_CD(java.util.Hashtable)[pri:0, instance:com.ttn.MSGP.testcases.InsertAccEnquiryTest@182b435b]" name="insertAccEnquiry_Blank_P_DEALER_MAP_CD" class="com.ttn.MSGP.testcases.InsertAccEnquiryTest"/>
        <method signature="InsertAccEnquiryTest.insertAccEnquiry_Blank_P_ENQ_CATG(java.util.Hashtable)[pri:0, instance:com.ttn.MSGP.testcases.InsertAccEnquiryTest@182b435b]" name="insertAccEnquiry_Blank_P_ENQ_CATG" class="com.ttn.MSGP.testcases.InsertAccEnquiryTest"/>
        <method signature="InsertAccEnquiryTest.insertAccEnquiry_Blank_P_ENQ_DATE(java.util.Hashtable)[pri:0, instance:com.ttn.MSGA.testcases.InsertAccEnquiryTest@7bdf6bb7]" name="insertAccEnquiry_Blank_P_ENQ_DATE" class="com.ttn.MSGA.testcases.InsertAccEnquiryTest"/>
        <method signature="InsertAccEnquiryTest.insertAccEnquiry_Blank_P_ENQ_DATE(java.util.Hashtable)[pri:0, instance:com.ttn.MSGP.testcases.InsertAccEnquiryTest@182b435b]" name="insertAccEnquiry_Blank_P_ENQ_DATE" class="com.ttn.MSGP.testcases.InsertAccEnquiryTest"/>
        <method signature="InsertAccEnquiryTest.insertAccEnquiry_Blank_P_LOC_CD(java.util.Hashtable)[pri:0, instance:com.ttn.MSGA.testcases.InsertAccEnquiryTest@7bdf6bb7]" name="insertAccEnquiry_Blank_P_LOC_CD" class="com.ttn.MSGA.testcases.InsertAccEnquiryTest"/>
        <method signature="InsertAccEnquiryTest.insertAccEnquiry_Blank_P_LOC_CD(java.util.Hashtable)[pri:0, instance:com.ttn.MSGP.testcases.InsertAccEnquiryTest@182b435b]" name="insertAccEnquiry_Blank_P_LOC_CD" class="com.ttn.MSGP.testcases.InsertAccEnquiryTest"/>
        <method signature="InsertAccEnquiryTest.insertAccEnquiry_Blank_P_MODE(java.util.Hashtable)[pri:0, instance:com.ttn.MSGA.testcases.InsertAccEnquiryTest@7bdf6bb7]" name="insertAccEnquiry_Blank_P_MODE" class="com.ttn.MSGA.testcases.InsertAccEnquiryTest"/>
        <method signature="InsertAccEnquiryTest.insertAccEnquiry_Blank_P_MODE(java.util.Hashtable)[pri:0, instance:com.ttn.MSGP.testcases.InsertAccEnquiryTest@182b435b]" name="insertAccEnquiry_Blank_P_MODE" class="com.ttn.MSGP.testcases.InsertAccEnquiryTest"/>
        <method signature="InsertAccEnquiryTest.insertAccEnquiry_Blank_P_PARENT_GROUP(java.util.Hashtable)[pri:0, instance:com.ttn.MSGA.testcases.InsertAccEnquiryTest@7bdf6bb7]" name="insertAccEnquiry_Blank_P_PARENT_GROUP" class="com.ttn.MSGA.testcases.InsertAccEnquiryTest"/>
        <method signature="InsertAccEnquiryTest.insertAccEnquiry_Blank_P_PARENT_GROUP(java.util.Hashtable)[pri:0, instance:com.ttn.MSGP.testcases.InsertAccEnquiryTest@182b435b]" name="insertAccEnquiry_Blank_P_PARENT_GROUP" class="com.ttn.MSGP.testcases.InsertAccEnquiryTest"/>
        <method signature="InsertAccEnquiryTest.insertAccEnquiry_Blank_P_PHONE(java.util.Hashtable)[pri:0, instance:com.ttn.MSGA.testcases.InsertAccEnquiryTest@7bdf6bb7]" name="insertAccEnquiry_Blank_P_PHONE" class="com.ttn.MSGA.testcases.InsertAccEnquiryTest"/>
        <method signature="InsertAccEnquiryTest.insertAccEnquiry_Blank_P_PHONE(java.util.Hashtable)[pri:0, instance:com.ttn.MSGP.testcases.InsertAccEnquiryTest@182b435b]" name="insertAccEnquiry_Blank_P_PHONE" class="com.ttn.MSGP.testcases.InsertAccEnquiryTest"/>
        <method signature="InsertAccEnquiryTest.insertAccEnquiry_Blank_P_SOURCE(java.util.Hashtable)[pri:0, instance:com.ttn.MSGA.testcases.InsertAccEnquiryTest@7bdf6bb7]" name="insertAccEnquiry_Blank_P_SOURCE" class="com.ttn.MSGA.testcases.InsertAccEnquiryTest"/>
        <method signature="InsertAccEnquiryTest.insertAccEnquiry_Blank_P_SOURCE(java.util.Hashtable)[pri:0, instance:com.ttn.MSGP.testcases.InsertAccEnquiryTest@182b435b]" name="insertAccEnquiry_Blank_P_SOURCE" class="com.ttn.MSGP.testcases.InsertAccEnquiryTest"/>
        <method signature="InsertAccEnquiryTest.insertAccEnquiry_Invalid_P_APPOINT_TIME(java.util.Hashtable)[pri:0, instance:com.ttn.MSGP.testcases.InsertAccEnquiryTest@182b435b]" name="insertAccEnquiry_Invalid_P_APPOINT_TIME" class="com.ttn.MSGP.testcases.InsertAccEnquiryTest"/>
        <method signature="InsertAccEnquiryTest.insertAccEnquiry_Invalid_P_DEALER_MAP_CD(java.util.Hashtable)[pri:0, instance:com.ttn.MSGA.testcases.InsertAccEnquiryTest@7bdf6bb7]" name="insertAccEnquiry_Invalid_P_DEALER_MAP_CD" class="com.ttn.MSGA.testcases.InsertAccEnquiryTest"/>
        <method signature="InsertAccEnquiryTest.insertAccEnquiry_Invalid_P_DEALER_MAP_CD(java.util.Hashtable)[pri:0, instance:com.ttn.MSGP.testcases.InsertAccEnquiryTest@182b435b]" name="insertAccEnquiry_Invalid_P_DEALER_MAP_CD" class="com.ttn.MSGP.testcases.InsertAccEnquiryTest"/>
        <method signature="InsertAccEnquiryTest.insertAccEnquiry_Invalid_P_ENQ_CATG(java.util.Hashtable)[pri:0, instance:com.ttn.MSGP.testcases.InsertAccEnquiryTest@182b435b]" name="insertAccEnquiry_Invalid_P_ENQ_CATG" class="com.ttn.MSGP.testcases.InsertAccEnquiryTest"/>
        <method signature="InsertAccEnquiryTest.insertAccEnquiry_Invalid_P_ENQ_DATE(java.util.Hashtable)[pri:0, instance:com.ttn.MSGA.testcases.InsertAccEnquiryTest@7bdf6bb7]" name="insertAccEnquiry_Invalid_P_ENQ_DATE" class="com.ttn.MSGA.testcases.InsertAccEnquiryTest"/>
        <method signature="InsertAccEnquiryTest.insertAccEnquiry_Invalid_P_LOC_CD(java.util.Hashtable)[pri:0, instance:com.ttn.MSGA.testcases.InsertAccEnquiryTest@7bdf6bb7]" name="insertAccEnquiry_Invalid_P_LOC_CD" class="com.ttn.MSGA.testcases.InsertAccEnquiryTest"/>
        <method signature="InsertAccEnquiryTest.insertAccEnquiry_Invalid_P_LOC_CD(java.util.Hashtable)[pri:0, instance:com.ttn.MSGP.testcases.InsertAccEnquiryTest@182b435b]" name="insertAccEnquiry_Invalid_P_LOC_CD" class="com.ttn.MSGP.testcases.InsertAccEnquiryTest"/>
        <method signature="InsertAccEnquiryTest.insertAccEnquiry_Invalid_P_PARENT_GROUP(java.util.Hashtable)[pri:0, instance:com.ttn.MSGA.testcases.InsertAccEnquiryTest@7bdf6bb7]" name="insertAccEnquiry_Invalid_P_PARENT_GROUP" class="com.ttn.MSGA.testcases.InsertAccEnquiryTest"/>
        <method signature="InsertAccEnquiryTest.insertAccEnquiry_Invalid_P_PARENT_GROUP(java.util.Hashtable)[pri:0, instance:com.ttn.MSGP.testcases.InsertAccEnquiryTest@182b435b]" name="insertAccEnquiry_Invalid_P_PARENT_GROUP" class="com.ttn.MSGP.testcases.InsertAccEnquiryTest"/>
        <method signature="InsertAccEnquiryTest.insertAccEnquiry_ValidInput(java.util.Hashtable)[pri:0, instance:com.ttn.MSGA.testcases.InsertAccEnquiryTest@7bdf6bb7]" name="insertAccEnquiry_ValidInput" class="com.ttn.MSGA.testcases.InsertAccEnquiryTest"/>
        <method signature="InsertAccEnquiryTest.insertAccEnquiry_ValidInput(java.util.Hashtable)[pri:0, instance:com.ttn.MSGP.testcases.InsertAccEnquiryTest@182b435b]" name="insertAccEnquiry_ValidInput" class="com.ttn.MSGP.testcases.InsertAccEnquiryTest"/>
        <method signature="InsertAccOrdTest.insertAccOrd_BlankP_P_PHONE(java.util.Hashtable)[pri:0, instance:com.ttn.MSGA.testcases.InsertAccOrdTest@1bc53649]" name="insertAccOrd_BlankP_P_PHONE" class="com.ttn.MSGA.testcases.InsertAccOrdTest"/>
        <method signature="InsertAccOrdTest.insertAccOrd_Blank_P_AMT_PAID(java.util.Hashtable)[pri:0, instance:com.ttn.MSGA.testcases.InsertAccOrdTest@1bc53649]" name="insertAccOrd_Blank_P_AMT_PAID" class="com.ttn.MSGA.testcases.InsertAccOrdTest"/>
        <method signature="InsertAccOrdTest.insertAccOrd_Blank_P_APPOINT_TIME(java.util.Hashtable)[pri:0, instance:com.ttn.MSGA.testcases.InsertAccOrdTest@1bc53649]" name="insertAccOrd_Blank_P_APPOINT_TIME" class="com.ttn.MSGA.testcases.InsertAccOrdTest"/>
        <method signature="InsertAccOrdTest.insertAccOrd_Blank_P_CUST_FNAME(java.util.Hashtable)[pri:0, instance:com.ttn.MSGA.testcases.InsertAccOrdTest@1bc53649]" name="insertAccOrd_Blank_P_CUST_FNAME" class="com.ttn.MSGA.testcases.InsertAccOrdTest"/>
        <method signature="InsertAccOrdTest.insertAccOrd_Blank_P_DEALER_MAP_CD(java.util.Hashtable)[pri:0, instance:com.ttn.MSGA.testcases.InsertAccOrdTest@1bc53649]" name="insertAccOrd_Blank_P_DEALER_MAP_CD" class="com.ttn.MSGA.testcases.InsertAccOrdTest"/>
        <method signature="InsertAccOrdTest.insertAccOrd_Blank_P_LOC_CD(java.util.Hashtable)[pri:0, instance:com.ttn.MSGA.testcases.InsertAccOrdTest@1bc53649]" name="insertAccOrd_Blank_P_LOC_CD" class="com.ttn.MSGA.testcases.InsertAccOrdTest"/>
        <method signature="InsertAccOrdTest.insertAccOrd_Blank_P_ORDER_DATE(java.util.Hashtable)[pri:0, instance:com.ttn.MSGA.testcases.InsertAccOrdTest@1bc53649]" name="insertAccOrd_Blank_P_ORDER_DATE" class="com.ttn.MSGA.testcases.InsertAccOrdTest"/>
        <method signature="InsertAccOrdTest.insertAccOrd_Blank_P_PARENT_GROUP(java.util.Hashtable)[pri:0, instance:com.ttn.MSGA.testcases.InsertAccOrdTest@1bc53649]" name="insertAccOrd_Blank_P_PARENT_GROUP" class="com.ttn.MSGA.testcases.InsertAccOrdTest"/>
        <method signature="InsertAccOrdTest.insertAccOrd_Blank_P_SOURCE(java.util.Hashtable)[pri:0, instance:com.ttn.MSGA.testcases.InsertAccOrdTest@1bc53649]" name="insertAccOrd_Blank_P_SOURCE" class="com.ttn.MSGA.testcases.InsertAccOrdTest"/>
        <method signature="InsertAccOrdTest.insertAccOrd_Blank_P_TOTAL_AMT(java.util.Hashtable)[pri:0, instance:com.ttn.MSGA.testcases.InsertAccOrdTest@1bc53649]" name="insertAccOrd_Blank_P_TOTAL_AMT" class="com.ttn.MSGA.testcases.InsertAccOrdTest"/>
        <method signature="InsertAccOrdTest.insertAccOrd_Invalid_P_AMT_PAID(java.util.Hashtable)[pri:0, instance:com.ttn.MSGA.testcases.InsertAccOrdTest@1bc53649]" name="insertAccOrd_Invalid_P_AMT_PAID" class="com.ttn.MSGA.testcases.InsertAccOrdTest"/>
        <method signature="InsertAccOrdTest.insertAccOrd_Invalid_P_DEALER_MAP_CD(java.util.Hashtable)[pri:0, instance:com.ttn.MSGA.testcases.InsertAccOrdTest@1bc53649]" name="insertAccOrd_Invalid_P_DEALER_MAP_CD" class="com.ttn.MSGA.testcases.InsertAccOrdTest"/>
        <method signature="InsertAccOrdTest.insertAccOrd_Invalid_P_LOC_CD(java.util.Hashtable)[pri:0, instance:com.ttn.MSGA.testcases.InsertAccOrdTest@1bc53649]" name="insertAccOrd_Invalid_P_LOC_CD" class="com.ttn.MSGA.testcases.InsertAccOrdTest"/>
        <method signature="InsertAccOrdTest.insertAccOrd_Invalid_P_ORDER_DATE(java.util.Hashtable)[pri:0, instance:com.ttn.MSGA.testcases.InsertAccOrdTest@1bc53649]" name="insertAccOrd_Invalid_P_ORDER_DATE" class="com.ttn.MSGA.testcases.InsertAccOrdTest"/>
        <method signature="InsertAccOrdTest.insertAccOrd_Invalid_P_PARENT_GROUP(java.util.Hashtable)[pri:0, instance:com.ttn.MSGA.testcases.InsertAccOrdTest@1bc53649]" name="insertAccOrd_Invalid_P_PARENT_GROUP" class="com.ttn.MSGA.testcases.InsertAccOrdTest"/>
        <method signature="InsertAccOrdTest.insertAccOrd_Invalid_P_TOTAL_AMT(java.util.Hashtable)[pri:0, instance:com.ttn.MSGA.testcases.InsertAccOrdTest@1bc53649]" name="insertAccOrd_Invalid_P_TOTAL_AMT" class="com.ttn.MSGA.testcases.InsertAccOrdTest"/>
        <method signature="InsertAccOrdTest.insertAccOrd_ValidInput(java.util.Hashtable)[pri:0, instance:com.ttn.MSGA.testcases.InsertAccOrdTest@1bc53649]" name="insertAccOrd_ValidInput" class="com.ttn.MSGA.testcases.InsertAccOrdTest"/>
        <method signature="StateMasterTest.stateMaster_Invalid_Date(java.util.Hashtable)[pri:0, instance:com.ttn.MSGA.testcases.StateMasterTest@512d92b]" name="stateMaster_Invalid_Date" class="com.ttn.MSGA.testcases.StateMasterTest"/>
        <method signature="StateMasterTest.stateMaster_Invalid_P_PMC(java.util.Hashtable)[pri:0, instance:com.ttn.MSGA.testcases.StateMasterTest@512d92b]" name="stateMaster_Invalid_P_PMC" class="com.ttn.MSGA.testcases.StateMasterTest"/>
        <method signature="StateMasterTest.stateMaster_ValidInput(java.util.Hashtable)[pri:0, instance:com.ttn.MSGA.testcases.StateMasterTest@512d92b]" name="stateMaster_ValidInput" class="com.ttn.MSGA.testcases.StateMasterTest"/>
      </group> <!-- Sanity -->
      <group name="MSGA">
        <method signature="CityMasterTest.cityMaster_InvalidDate(java.util.Hashtable)[pri:0, instance:com.ttn.MSGA.testcases.CityMasterTest@3228d990]" name="cityMaster_InvalidDate" class="com.ttn.MSGA.testcases.CityMasterTest"/>
        <method signature="CityMasterTest.cityMaster_InvalidStatecode(java.util.Hashtable)[pri:0, instance:com.ttn.MSGA.testcases.CityMasterTest@3228d990]" name="cityMaster_InvalidStatecode" class="com.ttn.MSGA.testcases.CityMasterTest"/>
        <method signature="CityMasterTest.cityMaster_ValidInput(java.util.Hashtable)[pri:0, instance:com.ttn.MSGA.testcases.CityMasterTest@3228d990]" name="cityMaster_ValidInput" class="com.ttn.MSGA.testcases.CityMasterTest"/>
        <method signature="CityMasterTest.cityMaster_ValidStateCode(java.util.Hashtable)[pri:0, instance:com.ttn.MSGA.testcases.CityMasterTest@3228d990]" name="cityMaster_ValidStateCode" class="com.ttn.MSGA.testcases.CityMasterTest"/>
        <method signature="DealerDetailsTest.dealerDetails_Invalid_P_DATE(java.util.Hashtable)[pri:0, instance:com.ttn.MSGA.testcases.DealerDetailsTest@47d93e0d]" name="dealerDetails_Invalid_P_DATE" class="com.ttn.MSGA.testcases.DealerDetailsTest"/>
        <method signature="DealerDetailsTest.dealerDetails_Invalid_P_PMC(java.util.Hashtable)[pri:0, instance:com.ttn.MSGA.testcases.DealerDetailsTest@47d93e0d]" name="dealerDetails_Invalid_P_PMC" class="com.ttn.MSGA.testcases.DealerDetailsTest"/>
        <method signature="DealerDetailsTest.dealerDetails_ValidInput(java.util.Hashtable)[pri:0, instance:com.ttn.MSGA.testcases.DealerDetailsTest@47d93e0d]" name="dealerDetails_ValidInput" class="com.ttn.MSGA.testcases.DealerDetailsTest"/>
        <method signature="DealerDetailsTest.dealerDetails_valid_P_DATE(java.util.Hashtable)[pri:0, instance:com.ttn.MSGA.testcases.DealerDetailsTest@47d93e0d]" name="dealerDetails_valid_P_DATE" class="com.ttn.MSGA.testcases.DealerDetailsTest"/>
        <method signature="FetchDealerDetailsTest.fetchDealerDetails_Blank_P_mul_dealer_Cd(java.util.Hashtable)[pri:0, instance:com.ttn.MSGA.testcases.FetchDealerDetailsTest@88d6f9b]" name="fetchDealerDetails_Blank_P_mul_dealer_Cd" class="com.ttn.MSGA.testcases.FetchDealerDetailsTest"/>
        <method signature="FetchDealerDetailsTest.fetchDealerDetails_Blank_p_for_Cd(java.util.Hashtable)[pri:0, instance:com.ttn.MSGA.testcases.FetchDealerDetailsTest@88d6f9b]" name="fetchDealerDetails_Blank_p_for_Cd" class="com.ttn.MSGA.testcases.FetchDealerDetailsTest"/>
        <method signature="FetchDealerDetailsTest.fetchDealerDetails_Blank_p_pmc(java.util.Hashtable)[pri:0, instance:com.ttn.MSGA.testcases.FetchDealerDetailsTest@88d6f9b]" name="fetchDealerDetails_Blank_p_pmc" class="com.ttn.MSGA.testcases.FetchDealerDetailsTest"/>
        <method signature="FetchDealerDetailsTest.fetchDealerDetails_Invalid_P_mul_dealer_Cd(java.util.Hashtable)[pri:0, instance:com.ttn.MSGA.testcases.FetchDealerDetailsTest@88d6f9b]" name="fetchDealerDetails_Invalid_P_mul_dealer_Cd" class="com.ttn.MSGA.testcases.FetchDealerDetailsTest"/>
        <method signature="FetchDealerDetailsTest.fetchDealerDetails_Invalid_p_pmc(java.util.Hashtable)[pri:0, instance:com.ttn.MSGA.testcases.FetchDealerDetailsTest@88d6f9b]" name="fetchDealerDetails_Invalid_p_pmc" class="com.ttn.MSGA.testcases.FetchDealerDetailsTest"/>
        <method signature="FetchDealerDetailsTest.fetchDealerDetails_ValidInput(java.util.Hashtable)[pri:0, instance:com.ttn.MSGA.testcases.FetchDealerDetailsTest@88d6f9b]" name="fetchDealerDetails_ValidInput" class="com.ttn.MSGA.testcases.FetchDealerDetailsTest"/>
        <method signature="FetchDealerDetailsTest.fetchDealerDetails_p_for_Cd(java.util.Hashtable)[pri:0, instance:com.ttn.MSGA.testcases.FetchDealerDetailsTest@88d6f9b]" name="fetchDealerDetails_p_for_Cd" class="com.ttn.MSGA.testcases.FetchDealerDetailsTest"/>
        <method signature="GetAccEnquiryTest.getAccEnquiry_InvalidInput(java.util.Hashtable)[pri:0, instance:com.ttn.MSGA.testcases.GetAccEnquiryTest@255990cc]" name="getAccEnquiry_InvalidInput" class="com.ttn.MSGA.testcases.GetAccEnquiryTest"/>
        <method signature="GetAccEnquiryTest.getAccEnquiry_ValidInput(java.util.Hashtable)[pri:0, instance:com.ttn.MSGA.testcases.GetAccEnquiryTest@255990cc]" name="getAccEnquiry_ValidInput" class="com.ttn.MSGA.testcases.GetAccEnquiryTest"/>
        <method signature="GetAccOrdTest.getAccOrd_InvalidInput(java.util.Hashtable)[pri:0, instance:com.ttn.MSGA.testcases.GetAccOrdTest@51c929ae]" name="getAccOrd_InvalidInput" class="com.ttn.MSGA.testcases.GetAccOrdTest"/>
        <method signature="GetAccOrdTest.getAccOrd_ValidInput(java.util.Hashtable)[pri:0, instance:com.ttn.MSGA.testcases.GetAccOrdTest@51c929ae]" name="getAccOrd_ValidInput" class="com.ttn.MSGA.testcases.GetAccOrdTest"/>
        <method signature="GetCategoryMasterTest.getCategoryMaster_FutureDate(java.util.Hashtable)[pri:0, instance:com.ttn.MSGA.testcases.GetCategoryMasterTest@3c8bdd5b]" name="getCategoryMaster_FutureDate" class="com.ttn.MSGA.testcases.GetCategoryMasterTest"/>
        <method signature="GetCategoryMasterTest.getCategoryMaster_Invalid_DateFormat(java.util.Hashtable)[pri:0, instance:com.ttn.MSGA.testcases.GetCategoryMasterTest@3c8bdd5b]" name="getCategoryMaster_Invalid_DateFormat" class="com.ttn.MSGA.testcases.GetCategoryMasterTest"/>
        <method signature="GetCategoryMasterTest.getCategoryMaster_ValidInput(java.util.Hashtable)[pri:0, instance:com.ttn.MSGA.testcases.GetCategoryMasterTest@3c8bdd5b]" name="getCategoryMaster_ValidInput" class="com.ttn.MSGA.testcases.GetCategoryMasterTest"/>
        <method signature="GetCommmonMasterTest.getCommmonMaster_Blank_AuthToken(java.util.Hashtable)[pri:0, instance:com.ttn.MSGA.testcases.GetCommmonMasterTest@62c5bbdc]" name="getCommmonMaster_Blank_AuthToken" class="com.ttn.MSGA.testcases.GetCommmonMasterTest"/>
        <method signature="GetCommmonMasterTest.getCommmonMaster_Invalid_AuthToken(java.util.Hashtable)[pri:0, instance:com.ttn.MSGA.testcases.GetCommmonMasterTest@62c5bbdc]" name="getCommmonMaster_Invalid_AuthToken" class="com.ttn.MSGA.testcases.GetCommmonMasterTest"/>
        <method signature="GetCommmonMasterTest.getCommmonMaster_Invalid_Date(java.util.Hashtable)[pri:0, instance:com.ttn.MSGA.testcases.GetCommmonMasterTest@62c5bbdc]" name="getCommmonMaster_Invalid_Date" class="com.ttn.MSGA.testcases.GetCommmonMasterTest"/>
        <method signature="GetCommmonMasterTest.getCommmonMaster_ValidInput(java.util.Hashtable)[pri:0, instance:com.ttn.MSGA.testcases.GetCommmonMasterTest@62c5bbdc]" name="getCommmonMaster_ValidInput" class="com.ttn.MSGA.testcases.GetCommmonMasterTest"/>
        <method signature="GetEscDataAccTest.getEscDataAcc_Blank_PMC(java.util.Hashtable)[pri:0, instance:com.ttn.MSGA.testcases.GetEscDataAccTest@54e7391d]" name="getEscDataAcc_Blank_PMC" class="com.ttn.MSGA.testcases.GetEscDataAccTest"/>
        <method signature="GetEscDataAccTest.getEscDataAcc_Blank_P_LOC_CD(java.util.Hashtable)[pri:0, instance:com.ttn.MSGA.testcases.GetEscDataAccTest@54e7391d]" name="getEscDataAcc_Blank_P_LOC_CD" class="com.ttn.MSGA.testcases.GetEscDataAccTest"/>
        <method signature="GetEscDataAccTest.getEscDataAcc_Invalid_PMC(java.util.Hashtable)[pri:0, instance:com.ttn.MSGA.testcases.GetEscDataAccTest@54e7391d]" name="getEscDataAcc_Invalid_PMC" class="com.ttn.MSGA.testcases.GetEscDataAccTest"/>
        <method signature="GetEscDataAccTest.getEscDataAcc_ValidInput(java.util.Hashtable)[pri:0, instance:com.ttn.MSGA.testcases.GetEscDataAccTest@54e7391d]" name="getEscDataAcc_ValidInput" class="com.ttn.MSGA.testcases.GetEscDataAccTest"/>
        <method signature="GetModelVarMappingTest.getModelVarMapping_FutureDate(java.util.Hashtable)[pri:0, instance:com.ttn.MSGA.testcases.GetModelVarMappingTest@58783f6c]" name="getModelVarMapping_FutureDate" class="com.ttn.MSGA.testcases.GetModelVarMappingTest"/>
        <method signature="GetModelVarMappingTest.getModelVarMapping_Invalid_DateFormat(java.util.Hashtable)[pri:0, instance:com.ttn.MSGA.testcases.GetModelVarMappingTest@58783f6c]" name="getModelVarMapping_Invalid_DateFormat" class="com.ttn.MSGA.testcases.GetModelVarMappingTest"/>
        <method signature="GetModelVarMappingTest.getModelVarMapping_ValidInput(java.util.Hashtable)[pri:0, instance:com.ttn.MSGA.testcases.GetModelVarMappingTest@58783f6c]" name="getModelVarMapping_ValidInput" class="com.ttn.MSGA.testcases.GetModelVarMappingTest"/>
        <method signature="GetOrdEnqLineStatusTest.getOrdEnqLineStatus_Blank_P_DEALER_MAP_CD(java.util.Hashtable)[pri:0, instance:com.ttn.MSGA.testcases.GetOrdEnqLineStatusTest@50b8ae8d]" name="getOrdEnqLineStatus_Blank_P_DEALER_MAP_CD" class="com.ttn.MSGA.testcases.GetOrdEnqLineStatusTest"/>
        <method signature="GetOrdEnqLineStatusTest.getOrdEnqLineStatus_Blank_P_ENQ_ORDER_NUM(java.util.Hashtable)[pri:0, instance:com.ttn.MSGA.testcases.GetOrdEnqLineStatusTest@50b8ae8d]" name="getOrdEnqLineStatus_Blank_P_ENQ_ORDER_NUM" class="com.ttn.MSGA.testcases.GetOrdEnqLineStatusTest"/>
        <method signature="GetOrdEnqLineStatusTest.getOrdEnqLineStatus_Blank_P_FLAG(java.util.Hashtable)[pri:0, instance:com.ttn.MSGA.testcases.GetOrdEnqLineStatusTest@50b8ae8d]" name="getOrdEnqLineStatus_Blank_P_FLAG" class="com.ttn.MSGA.testcases.GetOrdEnqLineStatusTest"/>
        <method signature="GetOrdEnqLineStatusTest.getOrdEnqLineStatus_Blank_P_LOC_CD(java.util.Hashtable)[pri:0, instance:com.ttn.MSGA.testcases.GetOrdEnqLineStatusTest@50b8ae8d]" name="getOrdEnqLineStatus_Blank_P_LOC_CD" class="com.ttn.MSGA.testcases.GetOrdEnqLineStatusTest"/>
        <method signature="GetOrdEnqLineStatusTest.getOrdEnqLineStatus_Blank_P_PARENT_GROUP(java.util.Hashtable)[pri:0, instance:com.ttn.MSGA.testcases.GetOrdEnqLineStatusTest@50b8ae8d]" name="getOrdEnqLineStatus_Blank_P_PARENT_GROUP" class="com.ttn.MSGA.testcases.GetOrdEnqLineStatusTest"/>
        <method signature="GetOrdEnqLineStatusTest.getOrdEnqLineStatus_Invalid_P_DEALER_MAP_CD(java.util.Hashtable)[pri:0, instance:com.ttn.MSGA.testcases.GetOrdEnqLineStatusTest@50b8ae8d]" name="getOrdEnqLineStatus_Invalid_P_DEALER_MAP_CD" class="com.ttn.MSGA.testcases.GetOrdEnqLineStatusTest"/>
        <method signature="GetOrdEnqLineStatusTest.getOrdEnqLineStatus_Invalid_P_ENQ_ORDER_NUM(java.util.Hashtable)[pri:0, instance:com.ttn.MSGA.testcases.GetOrdEnqLineStatusTest@50b8ae8d]" name="getOrdEnqLineStatus_Invalid_P_ENQ_ORDER_NUM" class="com.ttn.MSGA.testcases.GetOrdEnqLineStatusTest"/>
        <method signature="GetOrdEnqLineStatusTest.getOrdEnqLineStatus_Invalid_P_FLAG(java.util.Hashtable)[pri:0, instance:com.ttn.MSGA.testcases.GetOrdEnqLineStatusTest@50b8ae8d]" name="getOrdEnqLineStatus_Invalid_P_FLAG" class="com.ttn.MSGA.testcases.GetOrdEnqLineStatusTest"/>
        <method signature="GetOrdEnqLineStatusTest.getOrdEnqLineStatus_Invalid_P_LOC_CD(java.util.Hashtable)[pri:0, instance:com.ttn.MSGA.testcases.GetOrdEnqLineStatusTest@50b8ae8d]" name="getOrdEnqLineStatus_Invalid_P_LOC_CD" class="com.ttn.MSGA.testcases.GetOrdEnqLineStatusTest"/>
        <method signature="GetOrdEnqLineStatusTest.getOrdEnqLineStatus_Invalid_P_PARENT_GROUP(java.util.Hashtable)[pri:0, instance:com.ttn.MSGA.testcases.GetOrdEnqLineStatusTest@50b8ae8d]" name="getOrdEnqLineStatus_Invalid_P_PARENT_GROUP" class="com.ttn.MSGA.testcases.GetOrdEnqLineStatusTest"/>
        <method signature="GetOrdEnqLineStatusTest.getOrdEnqLineStatus_ValidInput(java.util.Hashtable)[pri:0, instance:com.ttn.MSGA.testcases.GetOrdEnqLineStatusTest@50b8ae8d]" name="getOrdEnqLineStatus_ValidInput" class="com.ttn.MSGA.testcases.GetOrdEnqLineStatusTest"/>
        <method signature="GetPartMasterTest.getPartMaster_FutureDate(java.util.Hashtable)[pri:0, instance:com.ttn.MSGA.testcases.GetPartMasterTest@40e4ea87]" name="getPartMaster_FutureDate" class="com.ttn.MSGA.testcases.GetPartMasterTest"/>
        <method signature="GetPartMasterTest.getPartMaster_Invalid_DateFormat(java.util.Hashtable)[pri:0, instance:com.ttn.MSGA.testcases.GetPartMasterTest@40e4ea87]" name="getPartMaster_Invalid_DateFormat" class="com.ttn.MSGA.testcases.GetPartMasterTest"/>
        <method signature="GetPartMasterTest.getPartMaster_ValidInput(java.util.Hashtable)[pri:0, instance:com.ttn.MSGA.testcases.GetPartMasterTest@40e4ea87]" name="getPartMaster_ValidInput" class="com.ttn.MSGA.testcases.GetPartMasterTest"/>
        <method signature="GetPartModelMappingTest.getPartModelMapping_FutureDate(java.util.Hashtable)[pri:0, instance:com.ttn.MSGA.testcases.GetPartModelMappingTest@3a7b503d]" name="getPartModelMapping_FutureDate" class="com.ttn.MSGA.testcases.GetPartModelMappingTest"/>
        <method signature="GetPartModelMappingTest.getPartModelMapping_Invalid_DateFormat(java.util.Hashtable)[pri:0, instance:com.ttn.MSGA.testcases.GetPartModelMappingTest@3a7b503d]" name="getPartModelMapping_Invalid_DateFormat" class="com.ttn.MSGA.testcases.GetPartModelMappingTest"/>
        <method signature="GetPartModelMappingTest.getPartModelMapping_ValidInput(java.util.Hashtable)[pri:0, instance:com.ttn.MSGA.testcases.GetPartModelMappingTest@3a7b503d]" name="getPartModelMapping_ValidInput" class="com.ttn.MSGA.testcases.GetPartModelMappingTest"/>
        <method signature="GetSubCategoryMasterTest.getSubCategoryMaster_FutureDate(java.util.Hashtable)[pri:0, instance:com.ttn.MSGA.testcases.GetSubCategoryMasterTest@29d2d081]" name="getSubCategoryMaster_FutureDate" class="com.ttn.MSGA.testcases.GetSubCategoryMasterTest"/>
        <method signature="GetSubCategoryMasterTest.getSubCategoryMaster_Invalid_DateFormat(java.util.Hashtable)[pri:0, instance:com.ttn.MSGA.testcases.GetSubCategoryMasterTest@29d2d081]" name="getSubCategoryMaster_Invalid_DateFormat" class="com.ttn.MSGA.testcases.GetSubCategoryMasterTest"/>
        <method signature="GetSubCategoryMasterTest.getSubCategoryMaster_ValidInput(java.util.Hashtable)[pri:0, instance:com.ttn.MSGA.testcases.GetSubCategoryMasterTest@29d2d081]" name="getSubCategoryMaster_ValidInput" class="com.ttn.MSGA.testcases.GetSubCategoryMasterTest"/>
        <method signature="InsertAccEnquiryTest.insertAccEnquiry_Blank_P_APPOINT_TIME(java.util.Hashtable)[pri:0, instance:com.ttn.MSGA.testcases.InsertAccEnquiryTest@7bdf6bb7]" name="insertAccEnquiry_Blank_P_APPOINT_TIME" class="com.ttn.MSGA.testcases.InsertAccEnquiryTest"/>
        <method signature="InsertAccEnquiryTest.insertAccEnquiry_Blank_P_CUST_FNAME(java.util.Hashtable)[pri:0, instance:com.ttn.MSGA.testcases.InsertAccEnquiryTest@7bdf6bb7]" name="insertAccEnquiry_Blank_P_CUST_FNAME" class="com.ttn.MSGA.testcases.InsertAccEnquiryTest"/>
        <method signature="InsertAccEnquiryTest.insertAccEnquiry_Blank_P_DEALER_MAP_CD(java.util.Hashtable)[pri:0, instance:com.ttn.MSGA.testcases.InsertAccEnquiryTest@7bdf6bb7]" name="insertAccEnquiry_Blank_P_DEALER_MAP_CD" class="com.ttn.MSGA.testcases.InsertAccEnquiryTest"/>
        <method signature="InsertAccEnquiryTest.insertAccEnquiry_Blank_P_ENQ_DATE(java.util.Hashtable)[pri:0, instance:com.ttn.MSGA.testcases.InsertAccEnquiryTest@7bdf6bb7]" name="insertAccEnquiry_Blank_P_ENQ_DATE" class="com.ttn.MSGA.testcases.InsertAccEnquiryTest"/>
        <method signature="InsertAccEnquiryTest.insertAccEnquiry_Blank_P_LOC_CD(java.util.Hashtable)[pri:0, instance:com.ttn.MSGA.testcases.InsertAccEnquiryTest@7bdf6bb7]" name="insertAccEnquiry_Blank_P_LOC_CD" class="com.ttn.MSGA.testcases.InsertAccEnquiryTest"/>
        <method signature="InsertAccEnquiryTest.insertAccEnquiry_Blank_P_MODE(java.util.Hashtable)[pri:0, instance:com.ttn.MSGA.testcases.InsertAccEnquiryTest@7bdf6bb7]" name="insertAccEnquiry_Blank_P_MODE" class="com.ttn.MSGA.testcases.InsertAccEnquiryTest"/>
        <method signature="InsertAccEnquiryTest.insertAccEnquiry_Blank_P_PARENT_GROUP(java.util.Hashtable)[pri:0, instance:com.ttn.MSGA.testcases.InsertAccEnquiryTest@7bdf6bb7]" name="insertAccEnquiry_Blank_P_PARENT_GROUP" class="com.ttn.MSGA.testcases.InsertAccEnquiryTest"/>
        <method signature="InsertAccEnquiryTest.insertAccEnquiry_Blank_P_PHONE(java.util.Hashtable)[pri:0, instance:com.ttn.MSGA.testcases.InsertAccEnquiryTest@7bdf6bb7]" name="insertAccEnquiry_Blank_P_PHONE" class="com.ttn.MSGA.testcases.InsertAccEnquiryTest"/>
        <method signature="InsertAccEnquiryTest.insertAccEnquiry_Blank_P_SOURCE(java.util.Hashtable)[pri:0, instance:com.ttn.MSGA.testcases.InsertAccEnquiryTest@7bdf6bb7]" name="insertAccEnquiry_Blank_P_SOURCE" class="com.ttn.MSGA.testcases.InsertAccEnquiryTest"/>
        <method signature="InsertAccEnquiryTest.insertAccEnquiry_Invalid_P_DEALER_MAP_CD(java.util.Hashtable)[pri:0, instance:com.ttn.MSGA.testcases.InsertAccEnquiryTest@7bdf6bb7]" name="insertAccEnquiry_Invalid_P_DEALER_MAP_CD" class="com.ttn.MSGA.testcases.InsertAccEnquiryTest"/>
        <method signature="InsertAccEnquiryTest.insertAccEnquiry_Invalid_P_ENQ_DATE(java.util.Hashtable)[pri:0, instance:com.ttn.MSGA.testcases.InsertAccEnquiryTest@7bdf6bb7]" name="insertAccEnquiry_Invalid_P_ENQ_DATE" class="com.ttn.MSGA.testcases.InsertAccEnquiryTest"/>
        <method signature="InsertAccEnquiryTest.insertAccEnquiry_Invalid_P_LOC_CD(java.util.Hashtable)[pri:0, instance:com.ttn.MSGA.testcases.InsertAccEnquiryTest@7bdf6bb7]" name="insertAccEnquiry_Invalid_P_LOC_CD" class="com.ttn.MSGA.testcases.InsertAccEnquiryTest"/>
        <method signature="InsertAccEnquiryTest.insertAccEnquiry_Invalid_P_PARENT_GROUP(java.util.Hashtable)[pri:0, instance:com.ttn.MSGA.testcases.InsertAccEnquiryTest@7bdf6bb7]" name="insertAccEnquiry_Invalid_P_PARENT_GROUP" class="com.ttn.MSGA.testcases.InsertAccEnquiryTest"/>
        <method signature="InsertAccEnquiryTest.insertAccEnquiry_ValidInput(java.util.Hashtable)[pri:0, instance:com.ttn.MSGA.testcases.InsertAccEnquiryTest@7bdf6bb7]" name="insertAccEnquiry_ValidInput" class="com.ttn.MSGA.testcases.InsertAccEnquiryTest"/>
        <method signature="InsertAccOrdTest.insertAccOrd_BlankP_P_PHONE(java.util.Hashtable)[pri:0, instance:com.ttn.MSGA.testcases.InsertAccOrdTest@1bc53649]" name="insertAccOrd_BlankP_P_PHONE" class="com.ttn.MSGA.testcases.InsertAccOrdTest"/>
        <method signature="InsertAccOrdTest.insertAccOrd_Blank_P_AMT_PAID(java.util.Hashtable)[pri:0, instance:com.ttn.MSGA.testcases.InsertAccOrdTest@1bc53649]" name="insertAccOrd_Blank_P_AMT_PAID" class="com.ttn.MSGA.testcases.InsertAccOrdTest"/>
        <method signature="InsertAccOrdTest.insertAccOrd_Blank_P_APPOINT_TIME(java.util.Hashtable)[pri:0, instance:com.ttn.MSGA.testcases.InsertAccOrdTest@1bc53649]" name="insertAccOrd_Blank_P_APPOINT_TIME" class="com.ttn.MSGA.testcases.InsertAccOrdTest"/>
        <method signature="InsertAccOrdTest.insertAccOrd_Blank_P_CUST_FNAME(java.util.Hashtable)[pri:0, instance:com.ttn.MSGA.testcases.InsertAccOrdTest@1bc53649]" name="insertAccOrd_Blank_P_CUST_FNAME" class="com.ttn.MSGA.testcases.InsertAccOrdTest"/>
        <method signature="InsertAccOrdTest.insertAccOrd_Blank_P_DEALER_MAP_CD(java.util.Hashtable)[pri:0, instance:com.ttn.MSGA.testcases.InsertAccOrdTest@1bc53649]" name="insertAccOrd_Blank_P_DEALER_MAP_CD" class="com.ttn.MSGA.testcases.InsertAccOrdTest"/>
        <method signature="InsertAccOrdTest.insertAccOrd_Blank_P_LOC_CD(java.util.Hashtable)[pri:0, instance:com.ttn.MSGA.testcases.InsertAccOrdTest@1bc53649]" name="insertAccOrd_Blank_P_LOC_CD" class="com.ttn.MSGA.testcases.InsertAccOrdTest"/>
        <method signature="InsertAccOrdTest.insertAccOrd_Blank_P_ORDER_DATE(java.util.Hashtable)[pri:0, instance:com.ttn.MSGA.testcases.InsertAccOrdTest@1bc53649]" name="insertAccOrd_Blank_P_ORDER_DATE" class="com.ttn.MSGA.testcases.InsertAccOrdTest"/>
        <method signature="InsertAccOrdTest.insertAccOrd_Blank_P_PARENT_GROUP(java.util.Hashtable)[pri:0, instance:com.ttn.MSGA.testcases.InsertAccOrdTest@1bc53649]" name="insertAccOrd_Blank_P_PARENT_GROUP" class="com.ttn.MSGA.testcases.InsertAccOrdTest"/>
        <method signature="InsertAccOrdTest.insertAccOrd_Blank_P_SOURCE(java.util.Hashtable)[pri:0, instance:com.ttn.MSGA.testcases.InsertAccOrdTest@1bc53649]" name="insertAccOrd_Blank_P_SOURCE" class="com.ttn.MSGA.testcases.InsertAccOrdTest"/>
        <method signature="InsertAccOrdTest.insertAccOrd_Blank_P_TOTAL_AMT(java.util.Hashtable)[pri:0, instance:com.ttn.MSGA.testcases.InsertAccOrdTest@1bc53649]" name="insertAccOrd_Blank_P_TOTAL_AMT" class="com.ttn.MSGA.testcases.InsertAccOrdTest"/>
        <method signature="InsertAccOrdTest.insertAccOrd_Invalid_P_AMT_PAID(java.util.Hashtable)[pri:0, instance:com.ttn.MSGA.testcases.InsertAccOrdTest@1bc53649]" name="insertAccOrd_Invalid_P_AMT_PAID" class="com.ttn.MSGA.testcases.InsertAccOrdTest"/>
        <method signature="InsertAccOrdTest.insertAccOrd_Invalid_P_DEALER_MAP_CD(java.util.Hashtable)[pri:0, instance:com.ttn.MSGA.testcases.InsertAccOrdTest@1bc53649]" name="insertAccOrd_Invalid_P_DEALER_MAP_CD" class="com.ttn.MSGA.testcases.InsertAccOrdTest"/>
        <method signature="InsertAccOrdTest.insertAccOrd_Invalid_P_LOC_CD(java.util.Hashtable)[pri:0, instance:com.ttn.MSGA.testcases.InsertAccOrdTest@1bc53649]" name="insertAccOrd_Invalid_P_LOC_CD" class="com.ttn.MSGA.testcases.InsertAccOrdTest"/>
        <method signature="InsertAccOrdTest.insertAccOrd_Invalid_P_ORDER_DATE(java.util.Hashtable)[pri:0, instance:com.ttn.MSGA.testcases.InsertAccOrdTest@1bc53649]" name="insertAccOrd_Invalid_P_ORDER_DATE" class="com.ttn.MSGA.testcases.InsertAccOrdTest"/>
        <method signature="InsertAccOrdTest.insertAccOrd_Invalid_P_PARENT_GROUP(java.util.Hashtable)[pri:0, instance:com.ttn.MSGA.testcases.InsertAccOrdTest@1bc53649]" name="insertAccOrd_Invalid_P_PARENT_GROUP" class="com.ttn.MSGA.testcases.InsertAccOrdTest"/>
        <method signature="InsertAccOrdTest.insertAccOrd_Invalid_P_TOTAL_AMT(java.util.Hashtable)[pri:0, instance:com.ttn.MSGA.testcases.InsertAccOrdTest@1bc53649]" name="insertAccOrd_Invalid_P_TOTAL_AMT" class="com.ttn.MSGA.testcases.InsertAccOrdTest"/>
        <method signature="InsertAccOrdTest.insertAccOrd_ValidInput(java.util.Hashtable)[pri:0, instance:com.ttn.MSGA.testcases.InsertAccOrdTest@1bc53649]" name="insertAccOrd_ValidInput" class="com.ttn.MSGA.testcases.InsertAccOrdTest"/>
        <method signature="StateMasterTest.stateMaster_Invalid_Date(java.util.Hashtable)[pri:0, instance:com.ttn.MSGA.testcases.StateMasterTest@512d92b]" name="stateMaster_Invalid_Date" class="com.ttn.MSGA.testcases.StateMasterTest"/>
        <method signature="StateMasterTest.stateMaster_Invalid_P_PMC(java.util.Hashtable)[pri:0, instance:com.ttn.MSGA.testcases.StateMasterTest@512d92b]" name="stateMaster_Invalid_P_PMC" class="com.ttn.MSGA.testcases.StateMasterTest"/>
        <method signature="StateMasterTest.stateMaster_ValidInput(java.util.Hashtable)[pri:0, instance:com.ttn.MSGA.testcases.StateMasterTest@512d92b]" name="stateMaster_ValidInput" class="com.ttn.MSGA.testcases.StateMasterTest"/>
      </group> <!-- MSGA -->
      <group name="Regression">
        <method signature="CityMasterTest.cityMaster_InvalidDate(java.util.Hashtable)[pri:0, instance:com.ttn.MSGA.testcases.CityMasterTest@3228d990]" name="cityMaster_InvalidDate" class="com.ttn.MSGA.testcases.CityMasterTest"/>
        <method signature="CityMasterTest.cityMaster_InvalidStatecode(java.util.Hashtable)[pri:0, instance:com.ttn.MSGA.testcases.CityMasterTest@3228d990]" name="cityMaster_InvalidStatecode" class="com.ttn.MSGA.testcases.CityMasterTest"/>
        <method signature="CityMasterTest.cityMaster_ValidInput(java.util.Hashtable)[pri:0, instance:com.ttn.MSGA.testcases.CityMasterTest@3228d990]" name="cityMaster_ValidInput" class="com.ttn.MSGA.testcases.CityMasterTest"/>
        <method signature="CityMasterTest.cityMaster_ValidStateCode(java.util.Hashtable)[pri:0, instance:com.ttn.MSGA.testcases.CityMasterTest@3228d990]" name="cityMaster_ValidStateCode" class="com.ttn.MSGA.testcases.CityMasterTest"/>
        <method signature="DealerDetailsTest.dealerDetails_Invalid_P_DATE(java.util.Hashtable)[pri:0, instance:com.ttn.MSGA.testcases.DealerDetailsTest@47d93e0d]" name="dealerDetails_Invalid_P_DATE" class="com.ttn.MSGA.testcases.DealerDetailsTest"/>
        <method signature="DealerDetailsTest.dealerDetails_Invalid_P_PMC(java.util.Hashtable)[pri:0, instance:com.ttn.MSGA.testcases.DealerDetailsTest@47d93e0d]" name="dealerDetails_Invalid_P_PMC" class="com.ttn.MSGA.testcases.DealerDetailsTest"/>
        <method signature="DealerDetailsTest.dealerDetails_ValidInput(java.util.Hashtable)[pri:0, instance:com.ttn.MSGA.testcases.DealerDetailsTest@47d93e0d]" name="dealerDetails_ValidInput" class="com.ttn.MSGA.testcases.DealerDetailsTest"/>
        <method signature="DealerDetailsTest.dealerDetails_valid_P_DATE(java.util.Hashtable)[pri:0, instance:com.ttn.MSGA.testcases.DealerDetailsTest@47d93e0d]" name="dealerDetails_valid_P_DATE" class="com.ttn.MSGA.testcases.DealerDetailsTest"/>
        <method signature="FetchDealerDetailsTest.fetchDealerDetails_Blank_P_mul_dealer_Cd(java.util.Hashtable)[pri:0, instance:com.ttn.MSGA.testcases.FetchDealerDetailsTest@88d6f9b]" name="fetchDealerDetails_Blank_P_mul_dealer_Cd" class="com.ttn.MSGA.testcases.FetchDealerDetailsTest"/>
        <method signature="FetchDealerDetailsTest.fetchDealerDetails_Blank_p_for_Cd(java.util.Hashtable)[pri:0, instance:com.ttn.MSGA.testcases.FetchDealerDetailsTest@88d6f9b]" name="fetchDealerDetails_Blank_p_for_Cd" class="com.ttn.MSGA.testcases.FetchDealerDetailsTest"/>
        <method signature="FetchDealerDetailsTest.fetchDealerDetails_Blank_p_pmc(java.util.Hashtable)[pri:0, instance:com.ttn.MSGA.testcases.FetchDealerDetailsTest@88d6f9b]" name="fetchDealerDetails_Blank_p_pmc" class="com.ttn.MSGA.testcases.FetchDealerDetailsTest"/>
        <method signature="FetchDealerDetailsTest.fetchDealerDetails_Invalid_P_mul_dealer_Cd(java.util.Hashtable)[pri:0, instance:com.ttn.MSGA.testcases.FetchDealerDetailsTest@88d6f9b]" name="fetchDealerDetails_Invalid_P_mul_dealer_Cd" class="com.ttn.MSGA.testcases.FetchDealerDetailsTest"/>
        <method signature="FetchDealerDetailsTest.fetchDealerDetails_Invalid_p_pmc(java.util.Hashtable)[pri:0, instance:com.ttn.MSGA.testcases.FetchDealerDetailsTest@88d6f9b]" name="fetchDealerDetails_Invalid_p_pmc" class="com.ttn.MSGA.testcases.FetchDealerDetailsTest"/>
        <method signature="FetchDealerDetailsTest.fetchDealerDetails_ValidInput(java.util.Hashtable)[pri:0, instance:com.ttn.MSGA.testcases.FetchDealerDetailsTest@88d6f9b]" name="fetchDealerDetails_ValidInput" class="com.ttn.MSGA.testcases.FetchDealerDetailsTest"/>
        <method signature="FetchDealerDetailsTest.fetchDealerDetails_p_for_Cd(java.util.Hashtable)[pri:0, instance:com.ttn.MSGA.testcases.FetchDealerDetailsTest@88d6f9b]" name="fetchDealerDetails_p_for_Cd" class="com.ttn.MSGA.testcases.FetchDealerDetailsTest"/>
        <method signature="GenPartSrvEnqTest.GenPartSrvEnq_Blank_P_DEALER_MAP_CD(java.util.Hashtable)[pri:0, instance:com.ttn.MSGP.testcases.GenPartSrvEnqTest@160c3ec1]" name="GenPartSrvEnq_Blank_P_DEALER_MAP_CD" class="com.ttn.MSGP.testcases.GenPartSrvEnqTest"/>
        <method signature="GenPartSrvEnqTest.GenPartSrvEnq_Blank_P_LOC_CD(java.util.Hashtable)[pri:0, instance:com.ttn.MSGP.testcases.GenPartSrvEnqTest@160c3ec1]" name="GenPartSrvEnq_Blank_P_LOC_CD" class="com.ttn.MSGP.testcases.GenPartSrvEnqTest"/>
        <method signature="GenPartSrvEnqTest.GenPartSrvEnq_Blank_P_PARENT_GROUP(java.util.Hashtable)[pri:0, instance:com.ttn.MSGP.testcases.GenPartSrvEnqTest@160c3ec1]" name="GenPartSrvEnq_Blank_P_PARENT_GROUP" class="com.ttn.MSGP.testcases.GenPartSrvEnqTest"/>
        <method signature="GenPartSrvEnqTest.GenPartSrvEnq_Blank_P_PHONE(java.util.Hashtable)[pri:0, instance:com.ttn.MSGP.testcases.GenPartSrvEnqTest@160c3ec1]" name="GenPartSrvEnq_Blank_P_PHONE" class="com.ttn.MSGP.testcases.GenPartSrvEnqTest"/>
        <method signature="GenPartSrvEnqTest.GenPartSrvEnq_Blank_P_REG_NUM(java.util.Hashtable)[pri:0, instance:com.ttn.MSGP.testcases.GenPartSrvEnqTest@160c3ec1]" name="GenPartSrvEnq_Blank_P_REG_NUM" class="com.ttn.MSGP.testcases.GenPartSrvEnqTest"/>
        <method signature="GenPartSrvEnqTest.GenPartSrvEnq_Blank_PartNumber(java.util.Hashtable)[pri:0, instance:com.ttn.MSGP.testcases.GenPartSrvEnqTest@160c3ec1]" name="GenPartSrvEnq_Blank_PartNumber" class="com.ttn.MSGP.testcases.GenPartSrvEnqTest"/>
        <method signature="GenPartSrvEnqTest.GenPartSrvEnq_Invalid_P_DEALER_MAP_CD(java.util.Hashtable)[pri:0, instance:com.ttn.MSGP.testcases.GenPartSrvEnqTest@160c3ec1]" name="GenPartSrvEnq_Invalid_P_DEALER_MAP_CD" class="com.ttn.MSGP.testcases.GenPartSrvEnqTest"/>
        <method signature="GenPartSrvEnqTest.GenPartSrvEnq_Invalid_P_LOC_CD(java.util.Hashtable)[pri:0, instance:com.ttn.MSGP.testcases.GenPartSrvEnqTest@160c3ec1]" name="GenPartSrvEnq_Invalid_P_LOC_CD" class="com.ttn.MSGP.testcases.GenPartSrvEnqTest"/>
        <method signature="GenPartSrvEnqTest.GenPartSrvEnq_Invalid_P_PARENT_GROUP(java.util.Hashtable)[pri:0, instance:com.ttn.MSGP.testcases.GenPartSrvEnqTest@160c3ec1]" name="GenPartSrvEnq_Invalid_P_PARENT_GROUP" class="com.ttn.MSGP.testcases.GenPartSrvEnqTest"/>
        <method signature="GenPartSrvEnqTest.GenPartSrvEnq_Invalid_PartNumber(java.util.Hashtable)[pri:0, instance:com.ttn.MSGP.testcases.GenPartSrvEnqTest@160c3ec1]" name="GenPartSrvEnq_Invalid_PartNumber" class="com.ttn.MSGP.testcases.GenPartSrvEnqTest"/>
        <method signature="GenPartSrvEnqTest.GenPartSrvEnq_ValidInput(java.util.Hashtable)[pri:0, instance:com.ttn.MSGP.testcases.GenPartSrvEnqTest@160c3ec1]" name="GenPartSrvEnq_ValidInput" class="com.ttn.MSGP.testcases.GenPartSrvEnqTest"/>
        <method signature="GenPartSrvEnqTest.GenPartSrvEnq_invalid_P_REG_NUM(java.util.Hashtable)[pri:0, instance:com.ttn.MSGP.testcases.GenPartSrvEnqTest@160c3ec1]" name="GenPartSrvEnq_invalid_P_REG_NUM" class="com.ttn.MSGP.testcases.GenPartSrvEnqTest"/>
        <method signature="GetAccEnquiryTest.getAccEnquiry_InvalidInput(java.util.Hashtable)[pri:0, instance:com.ttn.MSGA.testcases.GetAccEnquiryTest@255990cc]" name="getAccEnquiry_InvalidInput" class="com.ttn.MSGA.testcases.GetAccEnquiryTest"/>
        <method signature="GetAccEnquiryTest.getAccEnquiry_ValidInput(java.util.Hashtable)[pri:0, instance:com.ttn.MSGA.testcases.GetAccEnquiryTest@255990cc]" name="getAccEnquiry_ValidInput" class="com.ttn.MSGA.testcases.GetAccEnquiryTest"/>
        <method signature="GetAccOrdTest.getAccOrd_InvalidInput(java.util.Hashtable)[pri:0, instance:com.ttn.MSGA.testcases.GetAccOrdTest@51c929ae]" name="getAccOrd_InvalidInput" class="com.ttn.MSGA.testcases.GetAccOrdTest"/>
        <method signature="GetAccOrdTest.getAccOrd_ValidInput(java.util.Hashtable)[pri:0, instance:com.ttn.MSGA.testcases.GetAccOrdTest@51c929ae]" name="getAccOrd_ValidInput" class="com.ttn.MSGA.testcases.GetAccOrdTest"/>
        <method signature="GetCategoryMasterTest.getCategoryMaster_FutureDate(java.util.Hashtable)[pri:0, instance:com.ttn.MSGA.testcases.GetCategoryMasterTest@3c8bdd5b]" name="getCategoryMaster_FutureDate" class="com.ttn.MSGA.testcases.GetCategoryMasterTest"/>
        <method signature="GetCategoryMasterTest.getCategoryMaster_Invalid_DateFormat(java.util.Hashtable)[pri:0, instance:com.ttn.MSGA.testcases.GetCategoryMasterTest@3c8bdd5b]" name="getCategoryMaster_Invalid_DateFormat" class="com.ttn.MSGA.testcases.GetCategoryMasterTest"/>
        <method signature="GetCategoryMasterTest.getCategoryMaster_ValidInput(java.util.Hashtable)[pri:0, instance:com.ttn.MSGA.testcases.GetCategoryMasterTest@3c8bdd5b]" name="getCategoryMaster_ValidInput" class="com.ttn.MSGA.testcases.GetCategoryMasterTest"/>
        <method signature="GetCommmonMasterTest.getCommmonMaster_Blank_AuthToken(java.util.Hashtable)[pri:0, instance:com.ttn.MSGA.testcases.GetCommmonMasterTest@62c5bbdc]" name="getCommmonMaster_Blank_AuthToken" class="com.ttn.MSGA.testcases.GetCommmonMasterTest"/>
        <method signature="GetCommmonMasterTest.getCommmonMaster_Invalid_AuthToken(java.util.Hashtable)[pri:0, instance:com.ttn.MSGA.testcases.GetCommmonMasterTest@62c5bbdc]" name="getCommmonMaster_Invalid_AuthToken" class="com.ttn.MSGA.testcases.GetCommmonMasterTest"/>
        <method signature="GetCommmonMasterTest.getCommmonMaster_Invalid_Date(java.util.Hashtable)[pri:0, instance:com.ttn.MSGA.testcases.GetCommmonMasterTest@62c5bbdc]" name="getCommmonMaster_Invalid_Date" class="com.ttn.MSGA.testcases.GetCommmonMasterTest"/>
        <method signature="GetCommmonMasterTest.getCommmonMaster_ValidInput(java.util.Hashtable)[pri:0, instance:com.ttn.MSGA.testcases.GetCommmonMasterTest@62c5bbdc]" name="getCommmonMaster_ValidInput" class="com.ttn.MSGA.testcases.GetCommmonMasterTest"/>
        <method signature="GetEscDataAccTest.getEscDataAcc_Blank_PMC(java.util.Hashtable)[pri:0, instance:com.ttn.MSGA.testcases.GetEscDataAccTest@54e7391d]" name="getEscDataAcc_Blank_PMC" class="com.ttn.MSGA.testcases.GetEscDataAccTest"/>
        <method signature="GetEscDataAccTest.getEscDataAcc_Blank_P_LOC_CD(java.util.Hashtable)[pri:0, instance:com.ttn.MSGA.testcases.GetEscDataAccTest@54e7391d]" name="getEscDataAcc_Blank_P_LOC_CD" class="com.ttn.MSGA.testcases.GetEscDataAccTest"/>
        <method signature="GetEscDataAccTest.getEscDataAcc_Invalid_PMC(java.util.Hashtable)[pri:0, instance:com.ttn.MSGA.testcases.GetEscDataAccTest@54e7391d]" name="getEscDataAcc_Invalid_PMC" class="com.ttn.MSGA.testcases.GetEscDataAccTest"/>
        <method signature="GetEscDataAccTest.getEscDataAcc_ValidInput(java.util.Hashtable)[pri:0, instance:com.ttn.MSGA.testcases.GetEscDataAccTest@54e7391d]" name="getEscDataAcc_ValidInput" class="com.ttn.MSGA.testcases.GetEscDataAccTest"/>
        <method signature="GetEspDataTest.getEscData_Blank_P_PMC(java.util.Hashtable)[pri:0, instance:com.ttn.MSGP.testcases.GetEspDataTest@475b7792]" name="getEscData_Blank_P_PMC" class="com.ttn.MSGP.testcases.GetEspDataTest"/>
        <method signature="GetEspDataTest.getEscData_Invalid_P_DLR_CD(java.util.Hashtable)[pri:0, instance:com.ttn.MSGP.testcases.GetEspDataTest@475b7792]" name="getEscData_Invalid_P_DLR_CD" class="com.ttn.MSGP.testcases.GetEspDataTest"/>
        <method signature="GetEspDataTest.getEscData_Invalid_P_PMC(java.util.Hashtable)[pri:0, instance:com.ttn.MSGP.testcases.GetEspDataTest@475b7792]" name="getEscData_Invalid_P_PMC" class="com.ttn.MSGP.testcases.GetEspDataTest"/>
        <method signature="GetEspDataTest.getEscData_Non_Existing_P_PMC(java.util.Hashtable)[pri:0, instance:com.ttn.MSGP.testcases.GetEspDataTest@475b7792]" name="getEscData_Non_Existing_P_PMC" class="com.ttn.MSGP.testcases.GetEspDataTest"/>
        <method signature="GetEspDataTest.getEscData_ValidInput(java.util.Hashtable)[pri:0, instance:com.ttn.MSGP.testcases.GetEspDataTest@475b7792]" name="getEscData_ValidInput" class="com.ttn.MSGP.testcases.GetEspDataTest"/>
        <method signature="GetModelMasterTest.getModelMaster_InvalidInput(java.util.Hashtable)[pri:0, instance:com.ttn.MSGP.testcases.GetModelMasterTest@751e664e]" name="getModelMaster_InvalidInput" class="com.ttn.MSGP.testcases.GetModelMasterTest"/>
        <method signature="GetModelMasterTest.getModelMaster_ValidInput(java.util.Hashtable)[pri:0, instance:com.ttn.MSGP.testcases.GetModelMasterTest@751e664e]" name="getModelMaster_ValidInput" class="com.ttn.MSGP.testcases.GetModelMasterTest"/>
        <method signature="GetModelMasterTest.getModelMaster_futureDate(java.util.Hashtable)[pri:0, instance:com.ttn.MSGP.testcases.GetModelMasterTest@751e664e]" name="getModelMaster_futureDate" class="com.ttn.MSGP.testcases.GetModelMasterTest"/>
        <method signature="GetModelVarMappingTest.getModelVarMapping_FutureDate(java.util.Hashtable)[pri:0, instance:com.ttn.MSGA.testcases.GetModelVarMappingTest@58783f6c]" name="getModelVarMapping_FutureDate" class="com.ttn.MSGA.testcases.GetModelVarMappingTest"/>
        <method signature="GetModelVarMappingTest.getModelVarMapping_Invalid_DateFormat(java.util.Hashtable)[pri:0, instance:com.ttn.MSGA.testcases.GetModelVarMappingTest@58783f6c]" name="getModelVarMapping_Invalid_DateFormat" class="com.ttn.MSGA.testcases.GetModelVarMappingTest"/>
        <method signature="GetModelVarMappingTest.getModelVarMapping_ValidInput(java.util.Hashtable)[pri:0, instance:com.ttn.MSGA.testcases.GetModelVarMappingTest@58783f6c]" name="getModelVarMapping_ValidInput" class="com.ttn.MSGA.testcases.GetModelVarMappingTest"/>
        <method signature="GetOrdEnqLineStatusTest.getOrdEnqLineStatus_Blank_P_DEALER_MAP_CD(java.util.Hashtable)[pri:0, instance:com.ttn.MSGA.testcases.GetOrdEnqLineStatusTest@50b8ae8d]" name="getOrdEnqLineStatus_Blank_P_DEALER_MAP_CD" class="com.ttn.MSGA.testcases.GetOrdEnqLineStatusTest"/>
        <method signature="GetOrdEnqLineStatusTest.getOrdEnqLineStatus_Blank_P_ENQ_ORDER_NUM(java.util.Hashtable)[pri:0, instance:com.ttn.MSGA.testcases.GetOrdEnqLineStatusTest@50b8ae8d]" name="getOrdEnqLineStatus_Blank_P_ENQ_ORDER_NUM" class="com.ttn.MSGA.testcases.GetOrdEnqLineStatusTest"/>
        <method signature="GetOrdEnqLineStatusTest.getOrdEnqLineStatus_Blank_P_FLAG(java.util.Hashtable)[pri:0, instance:com.ttn.MSGA.testcases.GetOrdEnqLineStatusTest@50b8ae8d]" name="getOrdEnqLineStatus_Blank_P_FLAG" class="com.ttn.MSGA.testcases.GetOrdEnqLineStatusTest"/>
        <method signature="GetOrdEnqLineStatusTest.getOrdEnqLineStatus_Blank_P_LOC_CD(java.util.Hashtable)[pri:0, instance:com.ttn.MSGA.testcases.GetOrdEnqLineStatusTest@50b8ae8d]" name="getOrdEnqLineStatus_Blank_P_LOC_CD" class="com.ttn.MSGA.testcases.GetOrdEnqLineStatusTest"/>
        <method signature="GetOrdEnqLineStatusTest.getOrdEnqLineStatus_Blank_P_PARENT_GROUP(java.util.Hashtable)[pri:0, instance:com.ttn.MSGA.testcases.GetOrdEnqLineStatusTest@50b8ae8d]" name="getOrdEnqLineStatus_Blank_P_PARENT_GROUP" class="com.ttn.MSGA.testcases.GetOrdEnqLineStatusTest"/>
        <method signature="GetOrdEnqLineStatusTest.getOrdEnqLineStatus_Invalid_P_DEALER_MAP_CD(java.util.Hashtable)[pri:0, instance:com.ttn.MSGA.testcases.GetOrdEnqLineStatusTest@50b8ae8d]" name="getOrdEnqLineStatus_Invalid_P_DEALER_MAP_CD" class="com.ttn.MSGA.testcases.GetOrdEnqLineStatusTest"/>
        <method signature="GetOrdEnqLineStatusTest.getOrdEnqLineStatus_Invalid_P_ENQ_ORDER_NUM(java.util.Hashtable)[pri:0, instance:com.ttn.MSGA.testcases.GetOrdEnqLineStatusTest@50b8ae8d]" name="getOrdEnqLineStatus_Invalid_P_ENQ_ORDER_NUM" class="com.ttn.MSGA.testcases.GetOrdEnqLineStatusTest"/>
        <method signature="GetOrdEnqLineStatusTest.getOrdEnqLineStatus_Invalid_P_FLAG(java.util.Hashtable)[pri:0, instance:com.ttn.MSGA.testcases.GetOrdEnqLineStatusTest@50b8ae8d]" name="getOrdEnqLineStatus_Invalid_P_FLAG" class="com.ttn.MSGA.testcases.GetOrdEnqLineStatusTest"/>
        <method signature="GetOrdEnqLineStatusTest.getOrdEnqLineStatus_Invalid_P_LOC_CD(java.util.Hashtable)[pri:0, instance:com.ttn.MSGA.testcases.GetOrdEnqLineStatusTest@50b8ae8d]" name="getOrdEnqLineStatus_Invalid_P_LOC_CD" class="com.ttn.MSGA.testcases.GetOrdEnqLineStatusTest"/>
        <method signature="GetOrdEnqLineStatusTest.getOrdEnqLineStatus_Invalid_P_PARENT_GROUP(java.util.Hashtable)[pri:0, instance:com.ttn.MSGA.testcases.GetOrdEnqLineStatusTest@50b8ae8d]" name="getOrdEnqLineStatus_Invalid_P_PARENT_GROUP" class="com.ttn.MSGA.testcases.GetOrdEnqLineStatusTest"/>
        <method signature="GetOrdEnqLineStatusTest.getOrdEnqLineStatus_ValidInput(java.util.Hashtable)[pri:0, instance:com.ttn.MSGA.testcases.GetOrdEnqLineStatusTest@50b8ae8d]" name="getOrdEnqLineStatus_ValidInput" class="com.ttn.MSGA.testcases.GetOrdEnqLineStatusTest"/>
        <method signature="GetPartMasterTest.getPartMaster_FutureDate(java.util.Hashtable)[pri:0, instance:com.ttn.MSGA.testcases.GetPartMasterTest@40e4ea87]" name="getPartMaster_FutureDate" class="com.ttn.MSGA.testcases.GetPartMasterTest"/>
        <method signature="GetPartMasterTest.getPartMaster_Invalid_DateFormat(java.util.Hashtable)[pri:0, instance:com.ttn.MSGA.testcases.GetPartMasterTest@40e4ea87]" name="getPartMaster_Invalid_DateFormat" class="com.ttn.MSGA.testcases.GetPartMasterTest"/>
        <method signature="GetPartMasterTest.getPartMaster_ValidInput(java.util.Hashtable)[pri:0, instance:com.ttn.MSGA.testcases.GetPartMasterTest@40e4ea87]" name="getPartMaster_ValidInput" class="com.ttn.MSGA.testcases.GetPartMasterTest"/>
        <method signature="GetPartModelMappingTest.getPartModelMapping_FutureDate(java.util.Hashtable)[pri:0, instance:com.ttn.MSGA.testcases.GetPartModelMappingTest@3a7b503d]" name="getPartModelMapping_FutureDate" class="com.ttn.MSGA.testcases.GetPartModelMappingTest"/>
        <method signature="GetPartModelMappingTest.getPartModelMapping_Invalid_DateFormat(java.util.Hashtable)[pri:0, instance:com.ttn.MSGA.testcases.GetPartModelMappingTest@3a7b503d]" name="getPartModelMapping_Invalid_DateFormat" class="com.ttn.MSGA.testcases.GetPartModelMappingTest"/>
        <method signature="GetPartModelMappingTest.getPartModelMapping_ValidInput(java.util.Hashtable)[pri:0, instance:com.ttn.MSGA.testcases.GetPartModelMappingTest@3a7b503d]" name="getPartModelMapping_ValidInput" class="com.ttn.MSGA.testcases.GetPartModelMappingTest"/>
        <method signature="GetSubCategoryMasterTest.getSubCategoryMaster_FutureDate(java.util.Hashtable)[pri:0, instance:com.ttn.MSGA.testcases.GetSubCategoryMasterTest@29d2d081]" name="getSubCategoryMaster_FutureDate" class="com.ttn.MSGA.testcases.GetSubCategoryMasterTest"/>
        <method signature="GetSubCategoryMasterTest.getSubCategoryMaster_Invalid_DateFormat(java.util.Hashtable)[pri:0, instance:com.ttn.MSGA.testcases.GetSubCategoryMasterTest@29d2d081]" name="getSubCategoryMaster_Invalid_DateFormat" class="com.ttn.MSGA.testcases.GetSubCategoryMasterTest"/>
        <method signature="GetSubCategoryMasterTest.getSubCategoryMaster_ValidInput(java.util.Hashtable)[pri:0, instance:com.ttn.MSGA.testcases.GetSubCategoryMasterTest@29d2d081]" name="getSubCategoryMaster_ValidInput" class="com.ttn.MSGA.testcases.GetSubCategoryMasterTest"/>
        <method signature="InsertAccEnquiryTest.insertAccEnquiry_Blank_P_APPOINT_TIME(java.util.Hashtable)[pri:0, instance:com.ttn.MSGA.testcases.InsertAccEnquiryTest@7bdf6bb7]" name="insertAccEnquiry_Blank_P_APPOINT_TIME" class="com.ttn.MSGA.testcases.InsertAccEnquiryTest"/>
        <method signature="InsertAccEnquiryTest.insertAccEnquiry_Blank_P_APPOINT_TIME(java.util.Hashtable)[pri:0, instance:com.ttn.MSGP.testcases.InsertAccEnquiryTest@182b435b]" name="insertAccEnquiry_Blank_P_APPOINT_TIME" class="com.ttn.MSGP.testcases.InsertAccEnquiryTest"/>
        <method signature="InsertAccEnquiryTest.insertAccEnquiry_Blank_P_CUST_FNAME(java.util.Hashtable)[pri:0, instance:com.ttn.MSGA.testcases.InsertAccEnquiryTest@7bdf6bb7]" name="insertAccEnquiry_Blank_P_CUST_FNAME" class="com.ttn.MSGA.testcases.InsertAccEnquiryTest"/>
        <method signature="InsertAccEnquiryTest.insertAccEnquiry_Blank_P_CUST_FNAME(java.util.Hashtable)[pri:0, instance:com.ttn.MSGP.testcases.InsertAccEnquiryTest@182b435b]" name="insertAccEnquiry_Blank_P_CUST_FNAME" class="com.ttn.MSGP.testcases.InsertAccEnquiryTest"/>
        <method signature="InsertAccEnquiryTest.insertAccEnquiry_Blank_P_DEALER_MAP_CD(java.util.Hashtable)[pri:0, instance:com.ttn.MSGA.testcases.InsertAccEnquiryTest@7bdf6bb7]" name="insertAccEnquiry_Blank_P_DEALER_MAP_CD" class="com.ttn.MSGA.testcases.InsertAccEnquiryTest"/>
        <method signature="InsertAccEnquiryTest.insertAccEnquiry_Blank_P_DEALER_MAP_CD(java.util.Hashtable)[pri:0, instance:com.ttn.MSGP.testcases.InsertAccEnquiryTest@182b435b]" name="insertAccEnquiry_Blank_P_DEALER_MAP_CD" class="com.ttn.MSGP.testcases.InsertAccEnquiryTest"/>
        <method signature="InsertAccEnquiryTest.insertAccEnquiry_Blank_P_ENQ_CATG(java.util.Hashtable)[pri:0, instance:com.ttn.MSGP.testcases.InsertAccEnquiryTest@182b435b]" name="insertAccEnquiry_Blank_P_ENQ_CATG" class="com.ttn.MSGP.testcases.InsertAccEnquiryTest"/>
        <method signature="InsertAccEnquiryTest.insertAccEnquiry_Blank_P_ENQ_DATE(java.util.Hashtable)[pri:0, instance:com.ttn.MSGA.testcases.InsertAccEnquiryTest@7bdf6bb7]" name="insertAccEnquiry_Blank_P_ENQ_DATE" class="com.ttn.MSGA.testcases.InsertAccEnquiryTest"/>
        <method signature="InsertAccEnquiryTest.insertAccEnquiry_Blank_P_ENQ_DATE(java.util.Hashtable)[pri:0, instance:com.ttn.MSGP.testcases.InsertAccEnquiryTest@182b435b]" name="insertAccEnquiry_Blank_P_ENQ_DATE" class="com.ttn.MSGP.testcases.InsertAccEnquiryTest"/>
        <method signature="InsertAccEnquiryTest.insertAccEnquiry_Blank_P_LOC_CD(java.util.Hashtable)[pri:0, instance:com.ttn.MSGA.testcases.InsertAccEnquiryTest@7bdf6bb7]" name="insertAccEnquiry_Blank_P_LOC_CD" class="com.ttn.MSGA.testcases.InsertAccEnquiryTest"/>
        <method signature="InsertAccEnquiryTest.insertAccEnquiry_Blank_P_LOC_CD(java.util.Hashtable)[pri:0, instance:com.ttn.MSGP.testcases.InsertAccEnquiryTest@182b435b]" name="insertAccEnquiry_Blank_P_LOC_CD" class="com.ttn.MSGP.testcases.InsertAccEnquiryTest"/>
        <method signature="InsertAccEnquiryTest.insertAccEnquiry_Blank_P_MODE(java.util.Hashtable)[pri:0, instance:com.ttn.MSGA.testcases.InsertAccEnquiryTest@7bdf6bb7]" name="insertAccEnquiry_Blank_P_MODE" class="com.ttn.MSGA.testcases.InsertAccEnquiryTest"/>
        <method signature="InsertAccEnquiryTest.insertAccEnquiry_Blank_P_MODE(java.util.Hashtable)[pri:0, instance:com.ttn.MSGP.testcases.InsertAccEnquiryTest@182b435b]" name="insertAccEnquiry_Blank_P_MODE" class="com.ttn.MSGP.testcases.InsertAccEnquiryTest"/>
        <method signature="InsertAccEnquiryTest.insertAccEnquiry_Blank_P_PARENT_GROUP(java.util.Hashtable)[pri:0, instance:com.ttn.MSGA.testcases.InsertAccEnquiryTest@7bdf6bb7]" name="insertAccEnquiry_Blank_P_PARENT_GROUP" class="com.ttn.MSGA.testcases.InsertAccEnquiryTest"/>
        <method signature="InsertAccEnquiryTest.insertAccEnquiry_Blank_P_PARENT_GROUP(java.util.Hashtable)[pri:0, instance:com.ttn.MSGP.testcases.InsertAccEnquiryTest@182b435b]" name="insertAccEnquiry_Blank_P_PARENT_GROUP" class="com.ttn.MSGP.testcases.InsertAccEnquiryTest"/>
        <method signature="InsertAccEnquiryTest.insertAccEnquiry_Blank_P_PHONE(java.util.Hashtable)[pri:0, instance:com.ttn.MSGA.testcases.InsertAccEnquiryTest@7bdf6bb7]" name="insertAccEnquiry_Blank_P_PHONE" class="com.ttn.MSGA.testcases.InsertAccEnquiryTest"/>
        <method signature="InsertAccEnquiryTest.insertAccEnquiry_Blank_P_PHONE(java.util.Hashtable)[pri:0, instance:com.ttn.MSGP.testcases.InsertAccEnquiryTest@182b435b]" name="insertAccEnquiry_Blank_P_PHONE" class="com.ttn.MSGP.testcases.InsertAccEnquiryTest"/>
        <method signature="InsertAccEnquiryTest.insertAccEnquiry_Blank_P_SOURCE(java.util.Hashtable)[pri:0, instance:com.ttn.MSGA.testcases.InsertAccEnquiryTest@7bdf6bb7]" name="insertAccEnquiry_Blank_P_SOURCE" class="com.ttn.MSGA.testcases.InsertAccEnquiryTest"/>
        <method signature="InsertAccEnquiryTest.insertAccEnquiry_Blank_P_SOURCE(java.util.Hashtable)[pri:0, instance:com.ttn.MSGP.testcases.InsertAccEnquiryTest@182b435b]" name="insertAccEnquiry_Blank_P_SOURCE" class="com.ttn.MSGP.testcases.InsertAccEnquiryTest"/>
        <method signature="InsertAccEnquiryTest.insertAccEnquiry_Invalid_P_APPOINT_TIME(java.util.Hashtable)[pri:0, instance:com.ttn.MSGP.testcases.InsertAccEnquiryTest@182b435b]" name="insertAccEnquiry_Invalid_P_APPOINT_TIME" class="com.ttn.MSGP.testcases.InsertAccEnquiryTest"/>
[...]
            <param index="0">
              <value>
                <![CDATA[[TestResult name=getEscData_Invalid_P_PMC status=SUCCESS method=GetEspDataTest.getEscData_Invalid_P_PMC(java.util.Hashtable)[pri:0, instance:com.ttn.MSGP.testcases.GetEspDataTest@475b7792] output={null}]]]>
              </value>
            </param>
          </params>
          <reporter-output>
          </reporter-output>
        </test-method> <!-- reportClosure -->
        <test-method is-config="true" signature="startReporting(java.lang.reflect.Method)[pri:0, instance:com.ttn.MSGP.testcases.GetEspDataTest@475b7792]" started-at="2023-03-16T14:09:36 IST" name="startReporting" finished-at="2023-03-16T14:09:36 IST" duration-ms="0" status="PASS">
          <params>
            <param index="0">
              <value>
                <![CDATA[public void com.ttn.MSGP.testcases.GetEspDataTest.getEscData_Non_Existing_P_PMC(java.util.Hashtable) throws org.apache.poi.EncryptedDocumentException,java.io.IOException,org.apache.juneau.serializer.SerializeException]]>
              </value>
            </param>
          </params>
          <reporter-output>
          </reporter-output>
        </test-method> <!-- startReporting -->
        <test-method signature="getEscData_Non_Existing_P_PMC(java.util.Hashtable)[pri:0, instance:com.ttn.MSGP.testcases.GetEspDataTest@475b7792]" started-at="2023-03-16T14:09:36 IST" name="getEscData_Non_Existing_P_PMC" data-provider="MSGP_GetEscData_Non_Existing_P_PMC" finished-at="2023-03-16T14:09:36 IST" duration-ms="86" status="PASS">
          <params>
            <param index="0">
              <value>
                <![CDATA[{P_DLR_CD=AS06, P_PMC=73689}]]>
              </value>
            </param>
          </params>
          <reporter-output>
          </reporter-output>
        </test-method> <!-- getEscData_Non_Existing_P_PMC -->
        <test-method is-config="true" signature="reportClosure(org.testng.ITestResult)[pri:0, instance:com.ttn.MSGP.testcases.GetEspDataTest@475b7792]" started-at="2023-03-16T14:09:36 IST" name="reportClosure" finished-at="2023-03-16T14:09:36 IST" duration-ms="1" status="PASS">
          <params>
            <param index="0">
              <value>
                <![CDATA[[TestResult name=getEscData_Non_Existing_P_PMC status=SUCCESS method=GetEspDataTest.getEscData_Non_Existing_P_PMC(java.util.Hashtable)[pri:0, instance:com.ttn.MSGP.testcases.GetEspDataTest@475b7792] output={null}]]]>
              </value>
            </param>
          </params>
          <reporter-output>
          </reporter-output>
        </test-method> <!-- reportClosure -->
        <test-method is-config="true" signature="startReporting(java.lang.reflect.Method)[pri:0, instance:com.ttn.MSGP.testcases.GetEspDataTest@475b7792]" started-at="2023-03-16T14:09:37 IST" name="startReporting" finished-at="2023-03-16T14:09:37 IST" duration-ms="0" status="PASS">
          <params>
            <param index="0">
              <value>
                <![CDATA[public void com.ttn.MSGP.testcases.GetEspDataTest.getEscData_ValidInput(java.util.Hashtable) throws org.apache.poi.EncryptedDocumentException,java.io.IOException,org.apache.juneau.serializer.SerializeException]]>
              </value>
            </param>
          </params>
          <reporter-output>
          </reporter-output>
        </test-method> <!-- startReporting -->
        <test-method signature="getEscData_ValidInput(java.util.Hashtable)[pri:0, instance:com.ttn.MSGP.testcases.GetEspDataTest@475b7792]" started-at="2023-03-16T14:09:37 IST" name="getEscData_ValidInput" data-provider="MSGP_GetEscData_ValidInput" finished-at="2023-03-16T14:09:37 IST" duration-ms="119" status="PASS">
          <params>
            <param index="0">
              <value>
                <![CDATA[{P_DLR_CD=AS06, P_PMC=1}]]>
              </value>
            </param>
          </params>
          <reporter-output>
          </reporter-output>
        </test-method> <!-- getEscData_ValidInput -->
        <test-method is-config="true" signature="reportClosure(org.testng.ITestResult)[pri:0, instance:com.ttn.MSGP.testcases.GetEspDataTest@475b7792]" started-at="2023-03-16T14:09:37 IST" name="reportClosure" finished-at="2023-03-16T14:09:37 IST" duration-ms="1" status="PASS">
          <params>
            <param index="0">
              <value>
                <![CDATA[[TestResult name=getEscData_ValidInput status=SUCCESS method=GetEspDataTest.getEscData_ValidInput(java.util.Hashtable)[pri:0, instance:com.ttn.MSGP.testcases.GetEspDataTest@475b7792] output={null}]]]>
              </value>
            </param>
          </params>
          <reporter-output>
          </reporter-output>
        </test-method> <!-- reportClosure -->
        <test-method signature="getEscData_ValidInput(java.util.Hashtable)[pri:0, instance:com.ttn.MSGP.testcases.GetEspDataTest@475b7792]" started-at="2023-03-16T14:09:37 IST" name="getEscData_ValidInput" data-provider="MSGP_GetEscData_ValidInput" finished-at="2023-03-16T14:09:40 IST" duration-ms="2653" status="PASS">
          <params>
            <param index="0">
              <value>
                <![CDATA[{P_DLR_CD=9506, P_PMC=1}]]>
              </value>
            </param>
          </params>
          <reporter-output>
          </reporter-output>
        </test-method> <!-- getEscData_ValidInput -->
        <test-method is-config="true" signature="startReporting(java.lang.reflect.Method)[pri:0, instance:com.ttn.MSGP.testcases.GetEspDataTest@475b7792]" started-at="2023-03-16T14:09:37 IST" name="startReporting" finished-at="2023-03-16T14:09:37 IST" duration-ms="0" status="PASS">
          <params>
            <param index="0">
              <value>
                <![CDATA[public void com.ttn.MSGP.testcases.GetEspDataTest.getEscData_ValidInput(java.util.Hashtable) throws org.apache.poi.EncryptedDocumentException,java.io.IOException,org.apache.juneau.serializer.SerializeException]]>
              </value>
            </param>
          </params>
          <reporter-output>
          </reporter-output>
        </test-method> <!-- startReporting -->
        <test-method is-config="true" signature="reportClosure(org.testng.ITestResult)[pri:0, instance:com.ttn.MSGP.testcases.GetEspDataTest@475b7792]" started-at="2023-03-16T14:09:40 IST" name="reportClosure" finished-at="2023-03-16T14:09:40 IST" duration-ms="2" status="PASS">
          <params>
            <param index="0">
              <value>
                <![CDATA[[TestResult name=getEscData_ValidInput status=SUCCESS method=GetEspDataTest.getEscData_ValidInput(java.util.Hashtable)[pri:0, instance:com.ttn.MSGP.testcases.GetEspDataTest@475b7792] output={null}]]]>
              </value>
            </param>
          </params>
          <reporter-output>
          </reporter-output>
        </test-method> <!-- reportClosure -->
      </class> <!-- com.ttn.MSGP.testcases.GetEspDataTest -->
      <class name="com.ttn.MSGA.testcases.StateMasterTest">
        <test-method is-config="true" signature="startReporting(java.lang.reflect.Method)[pri:0, instance:com.ttn.MSGA.testcases.StateMasterTest@512d92b]" started-at="2023-03-16T14:08:24 IST" name="startReporting" finished-at="2023-03-16T14:08:24 IST" duration-ms="0" status="PASS">
          <params>
            <param index="0">
              <value>
                <![CDATA[public void com.ttn.MSGA.testcases.StateMasterTest.stateMaster_Invalid_Date(java.util.Hashtable) throws org.apache.poi.EncryptedDocumentException,java.io.IOException,org.apache.juneau.serializer.SerializeException]]>
              </value>
            </param>
          </params>
          <reporter-output>
          </reporter-output>
        </test-method> <!-- startReporting -->
        <test-method signature="stateMaster_Invalid_Date(java.util.Hashtable)[pri:0, instance:com.ttn.MSGA.testcases.StateMasterTest@512d92b]" started-at="2023-03-16T14:08:24 IST" name="stateMaster_Invalid_Date" data-provider="MSGA_Statemaster_InvalidDate" finished-at="2023-03-16T14:08:24 IST" duration-ms="99" status="PASS">
          <params>
            <param index="0">
              <value>
                <![CDATA[{P_PMC=1, P_DATE=Ab123}]]>
              </value>
            </param>
          </params>
          <reporter-output>
          </reporter-output>
        </test-method> <!-- stateMaster_Invalid_Date -->
        <test-method is-config="true" signature="reportClosure(org.testng.ITestResult)[pri:0, instance:com.ttn.MSGA.testcases.StateMasterTest@512d92b]" started-at="2023-03-16T14:08:24 IST" name="reportClosure" finished-at="2023-03-16T14:08:24 IST" duration-ms="0" status="PASS">
          <params>
            <param index="0">
              <value>
                <![CDATA[[TestResult name=stateMaster_Invalid_Date status=SUCCESS method=StateMasterTest.stateMaster_Invalid_Date(java.util.Hashtable)[pri:0, instance:com.ttn.MSGA.testcases.StateMasterTest@512d92b] output={null}]]]>
              </value>
            </param>
          </params>
          <reporter-output>
          </reporter-output>
        </test-method> <!-- reportClosure -->
        <test-method is-config="true" signature="startReporting(java.lang.reflect.Method)[pri:0, instance:com.ttn.MSGA.testcases.StateMasterTest@512d92b]" started-at="2023-03-16T14:08:24 IST" name="startReporting" finished-at="2023-03-16T14:08:24 IST" duration-ms="0" status="PASS">
          <params>
            <param index="0">
              <value>
                <![CDATA[public void com.ttn.MSGA.testcases.StateMasterTest.stateMaster_Invalid_Date(java.util.Hashtable) throws org.apache.poi.EncryptedDocumentException,java.io.IOException,org.apache.juneau.serializer.SerializeException]]>
              </value>
            </param>
          </params>
          <reporter-output>
          </reporter-output>
        </test-method> <!-- startReporting -->
        <test-method signature="stateMaster_Invalid_Date(java.util.Hashtable)[pri:0, instance:com.ttn.MSGA.testcases.StateMasterTest@512d92b]" started-at="2023-03-16T14:08:24 IST" name="stateMaster_Invalid_Date" data-provider="MSGA_Statemaster_InvalidDate" finished-at="2023-03-16T14:08:24 IST" duration-ms="99" status="PASS">
          <params>
            <param index="0">
              <value>
                <![CDATA[{P_PMC=1, P_DATE=ABC456}]]>
              </value>
            </param>
          </params>
          <reporter-output>
          </reporter-output>
        </test-method> <!-- stateMaster_Invalid_Date -->
        <test-method is-config="true" signature="reportClosure(org.testng.ITestResult)[pri:0, instance:com.ttn.MSGA.testcases.StateMasterTest@512d92b]" started-at="2023-03-16T14:08:24 IST" name="reportClosure" finished-at="2023-03-16T14:08:24 IST" duration-ms="1" status="PASS">
          <params>
            <param index="0">
              <value>
                <![CDATA[[TestResult name=stateMaster_Invalid_Date status=SUCCESS method=StateMasterTest.stateMaster_Invalid_Date(java.util.Hashtable)[pri:0, instance:com.ttn.MSGA.testcases.StateMasterTest@512d92b] output={null}]]]>
              </value>
            </param>
          </params>
          <reporter-output>
          </reporter-output>
        </test-method> <!-- reportClosure -->
        <test-method signature="stateMaster_Invalid_P_PMC(java.util.Hashtable)[pri:0, instance:com.ttn.MSGA.testcases.StateMasterTest@512d92b]" started-at="2023-03-16T14:08:25 IST" name="stateMaster_Invalid_P_PMC" data-provider="MSGA_Statemaster_InvalidPMC" finished-at="2023-03-16T14:08:25 IST" duration-ms="29" status="PASS">
          <params>
            <param index="0">
              <value>
                <![CDATA[{P_PMC=AB, P_DATE=01/28/2022}]]>
              </value>
            </param>
          </params>
          <reporter-output>
          </reporter-output>
        </test-method> <!-- stateMaster_Invalid_P_PMC -->
        <test-method is-config="true" signature="startReporting(java.lang.reflect.Method)[pri:0, instance:com.ttn.MSGA.testcases.StateMasterTest@512d92b]" started-at="2023-03-16T14:08:25 IST" name="startReporting" finished-at="2023-03-16T14:08:25 IST" duration-ms="0" status="PASS">
          <params>
            <param index="0">
              <value>
                <![CDATA[public void com.ttn.MSGA.testcases.StateMasterTest.stateMaster_Invalid_P_PMC(java.util.Hashtable) throws org.apache.poi.EncryptedDocumentException,java.io.IOException,org.apache.juneau.serializer.SerializeException]]>
              </value>
            </param>
          </params>
          <reporter-output>
          </reporter-output>
        </test-method> <!-- startReporting -->
        <test-method is-config="true" signature="reportClosure(org.testng.ITestResult)[pri:0, instance:com.ttn.MSGA.testcases.StateMasterTest@512d92b]" started-at="2023-03-16T14:08:25 IST" name="reportClosure" finished-at="2023-03-16T14:08:25 IST" duration-ms="0" status="PASS">
          <params>
            <param index="0">
              <value>
                <![CDATA[[TestResult name=stateMaster_Invalid_P_PMC status=SUCCESS method=StateMasterTest.stateMaster_Invalid_P_PMC(java.util.Hashtable)[pri:0, instance:com.ttn.MSGA.testcases.StateMasterTest@512d92b] output={null}]]]>
              </value>
            </param>
          </params>
          <reporter-output>
          </reporter-output>
        </test-method> <!-- reportClosure -->
        <test-method is-config="true" signature="startReporting(java.lang.reflect.Method)[pri:0, instance:com.ttn.MSGA.testcases.StateMasterTest@512d92b]" started-at="2023-03-16T14:08:25 IST" name="startReporting" finished-at="2023-03-16T14:08:25 IST" duration-ms="0" status="PASS">
          <params>
            <param index="0">
              <value>
                <![CDATA[public void com.ttn.MSGA.testcases.StateMasterTest.stateMaster_Invalid_P_PMC(java.util.Hashtable) throws org.apache.poi.EncryptedDocumentException,java.io.IOException,org.apache.juneau.serializer.SerializeException]]>
              </value>
            </param>
          </params>
          <reporter-output>
          </reporter-output>
        </test-method> <!-- startReporting -->
        <test-method signature="stateMaster_Invalid_P_PMC(java.util.Hashtable)[pri:0, instance:com.ttn.MSGA.testcases.StateMasterTest@512d92b]" started-at="2023-03-16T14:08:25 IST" name="stateMaster_Invalid_P_PMC" data-provider="MSGA_Statemaster_InvalidPMC" finished-at="2023-03-16T14:08:25 IST" duration-ms="38" status="PASS">
          <params>
            <param index="0">
              <value>
                <![CDATA[{P_PMC=CD, P_DATE=01/28/2022}]]>
              </value>
            </param>
          </params>
          <reporter-output>
          </reporter-output>
        </test-method> <!-- stateMaster_Invalid_P_PMC -->
        <test-method is-config="true" signature="reportClosure(org.testng.ITestResult)[pri:0, instance:com.ttn.MSGA.testcases.StateMasterTest@512d92b]" started-at="2023-03-16T14:08:25 IST" name="reportClosure" finished-at="2023-03-16T14:08:25 IST" duration-ms="1" status="PASS">
          <params>
            <param index="0">
              <value>
                <![CDATA[[TestResult name=stateMaster_Invalid_P_PMC status=SUCCESS method=StateMasterTest.stateMaster_Invalid_P_PMC(java.util.Hashtable)[pri:0, instance:com.ttn.MSGA.testcases.StateMasterTest@512d92b] output={null}]]]>
              </value>
            </param>
          </params>
          <reporter-output>
          </reporter-output>
        </test-method> <!-- reportClosure -->
        <test-method is-config="true" signature="startReporting(java.lang.reflect.Method)[pri:0, instance:com.ttn.MSGA.testcases.StateMasterTest@512d92b]" started-at="2023-03-16T14:08:26 IST" name="startReporting" finished-at="2023-03-16T14:08:26 IST" duration-ms="0" status="PASS">
          <params>
            <param index="0">
              <value>
                <![CDATA[public void com.ttn.MSGA.testcases.StateMasterTest.stateMaster_ValidInput(java.util.Hashtable) throws org.apache.poi.EncryptedDocumentException,java.io.IOException,org.apache.juneau.serializer.SerializeException]]>
              </value>
            </param>
          </params>
          <reporter-output>
          </reporter-output>
        </test-method> <!-- startReporting -->
        <test-method signature="stateMaster_ValidInput(java.util.Hashtable)[pri:0, instance:com.ttn.MSGA.testcases.StateMasterTest@512d92b]" started-at="2023-03-16T14:08:26 IST" name="stateMaster_ValidInput" data-provider="MSGA_Statemaster_ValidInput" finished-at="2023-03-16T14:08:26 IST" duration-ms="117" status="PASS">
          <params>
            <param index="0">
              <value>
                <![CDATA[{P_PMC=1, P_DATE=01/28/2022}]]>
              </value>
            </param>
          </params>
          <reporter-output>
          </reporter-output>
        </test-method> <!-- stateMaster_ValidInput -->
        <test-method is-config="true" signature="reportClosure(org.testng.ITestResult)[pri:0, instance:com.ttn.MSGA.testcases.StateMasterTest@512d92b]" started-at="2023-03-16T14:08:26 IST" name="reportClosure" finished-at="2023-03-16T14:08:26 IST" duration-ms="1" status="PASS">
          <params>
            <param index="0">
              <value>
                <![CDATA[[TestResult name=stateMaster_ValidInput status=SUCCESS method=StateMasterTest.stateMaster_ValidInput(java.util.Hashtable)[pri:0, instance:com.ttn.MSGA.testcases.StateMasterTest@512d92b] output={null}]]]>
              </value>
            </param>
          </params>
          <reporter-output>
          </reporter-output>
        </test-method> <!-- reportClosure -->
        <test-method is-config="true" signature="startReporting(java.lang.reflect.Method)[pri:0, instance:com.ttn.MSGA.testcases.StateMasterTest@512d92b]" started-at="2023-03-16T14:08:26 IST" name="startReporting" finished-at="2023-03-16T14:08:26 IST" duration-ms="0" status="PASS">
          <params>
            <param index="0">
              <value>
                <![CDATA[public void com.ttn.MSGA.testcases.StateMasterTest.stateMaster_ValidInput(java.util.Hashtable) throws org.apache.poi.EncryptedDocumentException,java.io.IOException,org.apache.juneau.serializer.SerializeException]]>
              </value>
            </param>
          </params>
          <reporter-output>
          </reporter-output>
        </test-method> <!-- startReporting -->
        <test-method signature="stateMaster_ValidInput(java.util.Hashtable)[pri:0, instance:com.ttn.MSGA.testcases.StateMasterTest@512d92b]" started-at="2023-03-16T14:08:26 IST" name="stateMaster_ValidInput" data-provider="MSGA_Statemaster_ValidInput" finished-at="2023-03-16T14:08:26 IST" duration-ms="208" status="PASS">
          <params>
            <param index="0">
              <value>
                <![CDATA[{P_PMC=1, P_DATE=8/30/2005}]]>
              </value>
            </param>
          </params>
          <reporter-output>
          </reporter-output>
        </test-method> <!-- stateMaster_ValidInput -->
        <test-method is-config="true" signature="reportClosure(org.testng.ITestResult)[pri:0, instance:com.ttn.MSGA.testcases.StateMasterTest@512d92b]" started-at="2023-03-16T14:08:26 IST" name="reportClosure" finished-at="2023-03-16T14:08:26 IST" duration-ms="1" status="PASS">
          <params>
            <param index="0">
              <value>
                <![CDATA[[TestResult name=stateMaster_ValidInput status=SUCCESS method=StateMasterTest.stateMaster_ValidInput(java.util.Hashtable)[pri:0, instance:com.ttn.MSGA.testcases.StateMasterTest@512d92b] output={null}]]]>
              </value>
            </param>
          </params>
          <reporter-output>
          </reporter-output>
        </test-method> <!-- reportClosure -->
      </class> <!-- com.ttn.MSGA.testcases.StateMasterTest -->
    </test> <!-- Test -->
  </suite> <!-- Suite -->
</testng-results>
